TN:
SF:/home/viktor/repos/automata/include/rule.hpp
FN:48,_ZN7parsing21FailedParsingExeptionD0Ev
FN:48,_ZN7parsing21FailedParsingExeptionD2Ev
FN:75,_ZN7parsing4RuleaSERKS0_
FN:79,_ZN7parsing4RuleC2ERKS0_
FNDA:24,_ZN7parsing4RuleC2ERKS0_
FNDA:0,_ZN7parsing4RuleaSERKS0_
FNDA:32,_ZN7parsing21FailedParsingExeptionD2Ev
FNDA:0,_ZN7parsing21FailedParsingExeptionD0Ev
FNF:4
FNH:2
DA:48,32
DA:75,0
DA:79,24
LF:3
LH:2
end_of_record
TN:
SF:/home/viktor/repos/automata/src/grammar.cpp
FN:5,_ZN7parsing7GrammarC2ERSi
FN:17,_ZN7parsing7GrammarC2ERKNSt7__cxx1112basic_stringIcSt11char_traitsIcESaIcEEES8_
FN:23,_ZN7parsing7GrammarC2ERKNSt7__cxx1112basic_stringIcSt11char_traitsIcESaIcEEERKSt6vectorINS_4RuleESaISA_EE
FN:28,_ZN7parsing7Grammar17ConstructVecRulesERKNSt7__cxx1112basic_stringIcSt11char_traitsIcESaIcEEE
FN:39,_ZN7parsing7Grammar8AddToMapERKSt6vectorINS_4RuleESaIS2_EE
FN:45,_ZN7parsing7Grammar14InitHelperSetsEv
FN:58,_ZNK7parsing7Grammar11GetRulesMapB5cxx11Ev
FN:59,_ZNK7parsing7Grammar11GetRulesVecEv
FN:60,_ZNK7parsing7Grammar12GetTerminalsB5cxx11Ev
FN:61,_ZNK7parsing7Grammar15GetNonTerminalsB5cxx11Ev
FN:62,_ZNK7parsing7Grammar8GetStartB5cxx11Ev
FN:64,_ZNK7parsing7Grammar5PrintERSo
FN:82,_ZNK7parsing7Grammar13GetLhsForWordERKNSt7__cxx1112basic_stringIcSt11char_traitsIcESaIcEEE
FNDA:1,_ZN7parsing7GrammarC2ERKNSt7__cxx1112basic_stringIcSt11char_traitsIcESaIcEEES8_
FNDA:0,_ZNK7parsing7Grammar8GetStartB5cxx11Ev
FNDA:1,_ZN7parsing7Grammar17ConstructVecRulesERKNSt7__cxx1112basic_stringIcSt11char_traitsIcESaIcEEE
FNDA:1,_ZNK7parsing7Grammar11GetRulesMapB5cxx11Ev
FNDA:1,_ZN7parsing7Grammar14InitHelperSetsEv
FNDA:0,_ZN7parsing7GrammarC2ERSi
FNDA:0,_ZNK7parsing7Grammar5PrintERSo
FNDA:0,_ZNK7parsing7Grammar15GetNonTerminalsB5cxx11Ev
FNDA:1,_ZN7parsing7Grammar8AddToMapERKSt6vectorINS_4RuleESaIS2_EE
FNDA:0,_ZNK7parsing7Grammar13GetLhsForWordERKNSt7__cxx1112basic_stringIcSt11char_traitsIcESaIcEEE
FNDA:0,_ZN7parsing7GrammarC2ERKNSt7__cxx1112basic_stringIcSt11char_traitsIcESaIcEEERKSt6vectorINS_4RuleESaISA_EE
FNDA:0,_ZNK7parsing7Grammar12GetTerminalsB5cxx11Ev
FNDA:4,_ZNK7parsing7Grammar11GetRulesVecEv
FNF:13
FNH:6
DA:5,0
DA:6,0
DA:8,0
DA:10,0
DA:11,0
DA:12,0
DA:14,0
DA:15,0
DA:17,1
DA:18,1
DA:19,1
DA:20,1
DA:21,1
DA:23,0
DA:24,0
DA:25,0
DA:26,0
DA:28,1
DA:29,1
DA:31,4
DA:32,3
DA:34,6
DA:35,3
DA:37,1
DA:39,1
DA:40,4
DA:41,3
DA:43,1
DA:45,1
DA:46,4
DA:47,3
DA:49,8
DA:50,5
DA:51,1
DA:53,4
DA:57,1
DA:58,1
DA:59,4
DA:60,0
DA:61,0
DA:62,0
DA:64,0
DA:65,0
DA:66,0
DA:67,0
DA:68,0
DA:69,0
DA:70,0
DA:72,0
DA:74,0
DA:75,0
DA:78,0
DA:80,0
DA:82,0
DA:83,0
DA:85,0
DA:86,0
DA:87,0
DA:91,0
LF:59
LH:26
end_of_record
TN:
SF:/home/viktor/repos/automata/src/rule.cpp
FN:5,_ZN7parsing5TokenC2ENSt7__cxx1112basic_stringIcSt11char_traitsIcESaIcEEEb
FN:7,_ZN7parsing5Token9is_filledEv
FN:11,_ZNK7parsing5TokenltERKS0_
FN:15,_ZNK7parsing5TokeneqERKS0_
FN:19,_ZNK7parsing5TokengtERKS0_
FN:22,_ZNK7parsing5TokenleERKS0_
FN:25,_ZNK7parsing5TokengeERKS0_
FN:28,_ZNK7parsing5TokenneERKS0_
FN:33,_ZN7parsing21FailedParsingExeptionC2Ev
FN:35,_ZNK7parsing21FailedParsingExeption4whatEv
FN:40,_ZN7parsing11ParseStringC2ERKNSt7__cxx1112basic_stringIcSt11char_traitsIcESaIcEEE
FN:42,_ZN7parsing11ParseString10SkipSpacesEv
FN:48,_ZN7parsing11ParseString4SizeEv
FN:52,_ZN7parsing11ParseString7HasNextEv
FN:56,_ZN7parsing11ParseString7HasCurrEv
FN:60,_ZN7parsing11ParseString4NextEv
FN:67,_ZN7parsing11ParseString4NextEi
FN:74,_ZN7parsing11ParseString4CurrEv
FN:81,_ZN7parsing4RuleC2ENS_5TokenESt6vectorIS1_SaIS1_EE
FN:83,_ZN7parsing4Rule6GetStrERNS_11ParseStringEb
FN:104,_ZN7parsing4Rule10GetNonTermERNS_11ParseStringE
FN:108,_ZN7parsing4Rule7GetTermERNS_11ParseStringE
FN:133,_ZN7parsing4Rule7GetWordERNS_11ParseStringE
FN:146,_ZN7parsing4Rule11GetTokenSeqERNS_11ParseStringE
FN:163,_ZN7parsing4Rule6GetLhsERNS_11ParseStringE
FN:167,_ZN7parsing4Rule6GetRhsERNS_11ParseStringE
FN:182,_ZN7parsing4Rule14CheckDelimeterERNS_11ParseStringE
FN:190,_ZN7parsing4Rule11CheckEndingERNS_11ParseStringE
FN:200,_ZN7parsing4Rule12ReadRuleLineERNS_11ParseStringE
FN:216,_ZNK7parsing4Rule6GetLhsEv
FN:217,_ZNK7parsing4Rule6GetRhsEv
FN:218,_ZNK7parsing4Rule6GetRhsEi
FN:222,_ZNK7parsing4RuleltERKS0_
FN:237,_ZNK7parsing4RuleeqERKS0_
FN:257,_ZNK7parsing4RuleneERKS0_
FNDA:0,_ZNK7parsing5TokengeERKS0_
FNDA:11,_ZNK7parsing4Rule6GetLhsEv
FNDA:8,_ZN7parsing4Rule11CheckEndingERNS_11ParseStringE
FNDA:69,_ZN7parsing5TokenC2ENSt7__cxx1112basic_stringIcSt11char_traitsIcESaIcEEEb
FNDA:138,_ZN7parsing11ParseString4NextEv
FNDA:0,_ZNK7parsing5TokengtERKS0_
FNDA:56,_ZN7parsing11ParseString7HasCurrEv
FNDA:8,_ZN7parsing4Rule12ReadRuleLineERNS_11ParseStringE
FNDA:6,_ZN7parsing11ParseStringC2ERKNSt7__cxx1112basic_stringIcSt11char_traitsIcESaIcEEE
FNDA:0,_ZNK7parsing5TokenneERKS0_
FNDA:20,_ZN7parsing4Rule7GetTermERNS_11ParseStringE
FNDA:0,_ZN7parsing11ParseString4NextEi
FNDA:12,_ZN7parsing4Rule11GetTokenSeqERNS_11ParseStringE
FNDA:0,_ZNK7parsing21FailedParsingExeption4whatEv
FNDA:0,_ZNK7parsing4RuleeqERKS0_
FNDA:8,_ZN7parsing4Rule6GetLhsERNS_11ParseStringE
FNDA:49,_ZN7parsing4Rule6GetStrERNS_11ParseStringEb
FNDA:416,_ZN7parsing11ParseString4CurrEv
FNDA:12,_ZN7parsing11ParseString7HasNextEv
FNDA:49,_ZN7parsing5Token9is_filledEv
FNDA:3,_ZNK7parsing4Rule6GetRhsEv
FNDA:8,_ZN7parsing4Rule14CheckDelimeterERNS_11ParseStringE
FNDA:0,_ZNK7parsing5TokeneqERKS0_
FNDA:8,_ZN7parsing4Rule6GetRhsERNS_11ParseStringE
FNDA:33,_ZN7parsing4Rule7GetWordERNS_11ParseStringE
FNDA:0,_ZNK7parsing4RuleltERKS0_
FNDA:157,_ZN7parsing11ParseString10SkipSpacesEv
FNDA:0,_ZNK7parsing5TokenltERKS0_
FNDA:935,_ZN7parsing11ParseString4SizeEv
FNDA:12,_ZN7parsing4RuleC2ENS_5TokenESt6vectorIS1_SaIS1_EE
FNDA:42,_ZNK7parsing4Rule6GetRhsEi
FNDA:32,_ZN7parsing21FailedParsingExeptionC2Ev
FNDA:41,_ZN7parsing4Rule10GetNonTermERNS_11ParseStringE
FNDA:0,_ZNK7parsing5TokenleERKS0_
FNDA:0,_ZNK7parsing4RuleneERKS0_
FNF:35
FNH:24
DA:5,69
DA:7,49
DA:8,49
DA:11,0
DA:12,0
DA:15,0
DA:16,0
DA:19,0
DA:20,0
DA:22,0
DA:23,0
DA:25,0
DA:26,0
DA:28,0
DA:29,0
DA:33,32
DA:35,0
DA:36,0
DA:40,6
DA:42,217
DA:43,217
DA:44,60
DA:46,157
DA:48,935
DA:49,935
DA:52,12
DA:53,12
DA:56,56
DA:57,56
DA:60,138
DA:61,138
DA:62,0
DA:64,138
DA:67,0
DA:68,0
DA:69,0
DA:71,0
DA:72,0
DA:74,416
DA:75,416
DA:76,0
DA:78,416
DA:81,12
DA:83,49
DA:84,49
DA:85,49
DA:87,98
DA:89,96
DA:90,47
DA:91,47
DA:94,49
DA:96,49
DA:97,20
DA:98,20
DA:101,29
DA:104,41
DA:105,41
DA:108,20
DA:109,40
DA:111,20
DA:113,20
DA:115,20
DA:116,8
DA:117,8
DA:119,8
DA:120,8
DA:121,0
DA:122,0
DA:124,8
DA:126,12
DA:127,12
DA:130,8
DA:133,33
DA:134,33
DA:137,33
DA:138,20
DA:142,20
DA:143,20
DA:146,12
DA:147,12
DA:149,12
DA:153,21
DA:156,12
DA:160,12
DA:163,8
DA:164,8
DA:167,8
DA:168,8
DA:170,8
DA:171,8
DA:173,12
DA:174,4
DA:175,4
DA:176,4
DA:179,8
DA:182,8
DA:183,8
DA:184,8
DA:185,0
DA:187,8
DA:188,8
DA:190,8
DA:191,8
DA:192,8
DA:193,0
DA:195,8
DA:196,3
DA:198,8
DA:200,8
DA:201,8
DA:203,16
DA:205,8
DA:207,20
DA:208,12
DA:211,8
DA:213,16
DA:216,11
DA:217,3
DA:218,42
DA:219,42
DA:222,0
DA:223,0
DA:224,0
DA:226,0
DA:227,0
DA:228,0
DA:229,0
DA:231,0
DA:234,0
DA:237,0
DA:238,0
DA:239,0
DA:242,0
DA:243,0
DA:246,0
DA:247,0
DA:248,0
DA:249,0
DA:251,0
DA:254,0
DA:257,0
DA:258,0
LF:142
LH:95
end_of_record
TN:
SF:/home/viktor/repos/automata/test/test_grammar.cpp
FN:10,_ZN24Construction_simple_TestD0Ev
FN:10,_ZN24Construction_simple_TestC2Ev
FN:10,_ZN24Construction_simple_Test8TestBodyEv
FN:10,_ZN24Construction_simple_TestD2Ev
FN:45,_ZN26Construction_advanced_TestD2Ev
FN:45,_ZN26Construction_advanced_TestC2Ev
FN:45,_ZN26Construction_advanced_Test8TestBodyEv
FN:45,_ZN26Construction_advanced_TestD0Ev
FNDA:1,_ZN26Construction_advanced_TestC2Ev
FNDA:1,_ZN26Construction_advanced_Test8TestBodyEv
FNDA:1,_ZN24Construction_simple_Test8TestBodyEv
FNDA:1,_ZN24Construction_simple_TestD2Ev
FNDA:1,_ZN26Construction_advanced_TestD0Ev
FNDA:1,_ZN26Construction_advanced_TestD2Ev
FNDA:1,_ZN24Construction_simple_TestD0Ev
FNDA:1,_ZN24Construction_simple_TestC2Ev
FNF:8
FNH:8
DA:10,4
DA:13,1
DA:15,2
DA:19,1
DA:20,1
DA:22,1
DA:23,1
DA:24,1
DA:26,2
DA:27,2
DA:28,1
DA:29,2
DA:30,1
DA:32,2
DA:33,2
DA:34,1
DA:36,2
DA:37,2
DA:38,1
DA:39,2
DA:40,1
DA:45,4
DA:54,1
LF:23
LH:23
end_of_record
TN:
SF:/home/viktor/repos/automata/test/test_rule.cpp
FN:11,_ZN34Construction_simple_terminals_Test8TestBodyEv
FN:11,_ZN34Construction_simple_terminals_TestC2Ev
FN:11,_ZN34Construction_simple_terminals_TestD0Ev
FN:11,_ZN34Construction_simple_terminals_TestD2Ev
FN:27,_ZN38Construction_simple_non_terminals_TestD2Ev
FN:27,_ZN38Construction_simple_non_terminals_TestC2Ev
FN:27,_ZN38Construction_simple_non_terminals_Test8TestBodyEv
FN:27,_ZN38Construction_simple_non_terminals_TestD0Ev
FN:44,_ZN30Construction_simple_mixed_TestD2Ev
FN:44,_ZN30Construction_simple_mixed_TestC2Ev
FN:44,_ZN30Construction_simple_mixed_TestD0Ev
FN:44,_ZN30Construction_simple_mixed_Test8TestBodyEv
FN:60,_ZN34Construction_advanced_oneline_TestD0Ev
FN:60,_ZN34Construction_advanced_oneline_Test8TestBodyEv
FN:60,_ZN34Construction_advanced_oneline_TestC2Ev
FN:60,_ZN34Construction_advanced_oneline_TestD2Ev
FN:85,_ZN36Construction_advanced_multiline_Test8TestBodyEv
FN:85,_ZN36Construction_advanced_multiline_TestD2Ev
FN:85,_ZN36Construction_advanced_multiline_TestC2Ev
FN:85,_ZN36Construction_advanced_multiline_TestD0Ev
FNDA:1,_ZN38Construction_simple_non_terminals_TestD2Ev
FNDA:1,_ZN38Construction_simple_non_terminals_TestC2Ev
FNDA:1,_ZN30Construction_simple_mixed_TestD2Ev
FNDA:1,_ZN34Construction_simple_terminals_Test8TestBodyEv
FNDA:1,_ZN38Construction_simple_non_terminals_Test8TestBodyEv
FNDA:1,_ZN36Construction_advanced_multiline_Test8TestBodyEv
FNDA:1,_ZN34Construction_simple_terminals_TestC2Ev
FNDA:1,_ZN38Construction_simple_non_terminals_TestD0Ev
FNDA:1,_ZN34Construction_advanced_oneline_TestD0Ev
FNDA:1,_ZN34Construction_simple_terminals_TestD0Ev
FNDA:1,_ZN34Construction_simple_terminals_TestD2Ev
FNDA:1,_ZN36Construction_advanced_multiline_TestD2Ev
FNDA:1,_ZN36Construction_advanced_multiline_TestC2Ev
FNDA:1,_ZN34Construction_advanced_oneline_Test8TestBodyEv
FNDA:1,_ZN34Construction_advanced_oneline_TestC2Ev
FNDA:1,_ZN36Construction_advanced_multiline_TestD0Ev
FNDA:1,_ZN30Construction_simple_mixed_TestC2Ev
FNDA:1,_ZN30Construction_simple_mixed_TestD0Ev
FNDA:1,_ZN34Construction_advanced_oneline_TestD2Ev
FNDA:1,_ZN30Construction_simple_mixed_Test8TestBodyEv
FNF:20
FNH:20
DA:11,4
DA:12,1
DA:14,1
DA:15,1
DA:16,1
DA:18,2
DA:20,2
DA:21,1
DA:23,2
DA:24,1
DA:27,4
DA:28,1
DA:30,1
DA:31,1
DA:32,1
DA:34,2
DA:36,2
DA:37,1
DA:39,2
DA:40,1
DA:44,4
DA:45,1
DA:47,1
DA:48,1
DA:49,1
DA:51,2
DA:53,2
DA:54,1
DA:56,2
DA:57,1
DA:60,4
DA:61,1
DA:63,1
DA:64,1
DA:65,1
DA:67,2
DA:69,2
DA:70,1
DA:72,2
DA:73,1
DA:75,2
DA:76,1
DA:78,2
DA:79,1
DA:81,2
DA:82,1
DA:85,4
DA:88,1
DA:90,1
DA:91,1
DA:92,1
DA:94,2
DA:96,2
DA:97,1
DA:99,2
DA:100,1
DA:102,2
DA:103,1
DA:105,2
DA:106,1
DA:108,2
DA:109,1
LF:62
LH:62
end_of_record
TN:
SF:/home/viktor/repos/automata/third_party/googletest/googletest/include/gtest/gtest-assertion-result.h
FN:155,_ZN7testing15AssertionResultC2IbEERKT_PNSt9enable_ifIXntsrSt14is_convertibleIS2_S0_E5valueEvE4typeE
FN:174,_ZNK7testing15AssertionResultcvbEv
FN:183,_ZNK7testing15AssertionResult7messageEv
FN:187,_ZNK7testing15AssertionResult15failure_messageEv
FN:191,_ZN7testing15AssertionResultlsIA13_cEERS0_RKT_
FN:191,_ZN7testing15AssertionResultlsIPKcEERS0_RKT_
FN:191,_ZN7testing15AssertionResultlsIA12_cEERS0_RKT_
FN:191,_ZN7testing15AssertionResultlsIA7_cEERS0_RKT_
FN:191,_ZN7testing15AssertionResultlsINSt7__cxx1112basic_stringIwSt11char_traitsIwESaIwEEEEERS0_RKT_
FN:191,_ZN7testing15AssertionResultlsIA14_cEERS0_RKT_
FN:191,_ZN7testing15AssertionResultlsIA6_cEERS0_RKT_
FN:191,_ZN7testing15AssertionResultlsIdEERS0_RKT_
FN:191,_ZN7testing15AssertionResultlsIA5_cEERS0_RKT_
FN:191,_ZN7testing15AssertionResultlsIA24_cEERS0_RKT_
FN:191,_ZN7testing15AssertionResultlsINSt7__cxx1112basic_stringIcSt11char_traitsIcESaIcEEEEERS0_RKT_
FN:191,_ZN7testing15AssertionResultlsIA17_cEERS0_RKT_
FN:191,_ZN7testing15AssertionResultlsIA15_cEERS0_RKT_
FN:191,_ZN7testing15AssertionResultlsIA3_cEERS0_RKT_
FN:191,_ZN7testing15AssertionResultlsIPKwEERS0_RKT_
FN:191,_ZN7testing15AssertionResultlsIA2_cEERS0_RKT_
FN:191,_ZN7testing15AssertionResultlsIA16_cEERS0_RKT_
FN:191,_ZN7testing15AssertionResultlsIA11_cEERS0_RKT_
FN:191,_ZN7testing15AssertionResultlsIA27_cEERS0_RKT_
FN:191,_ZN7testing15AssertionResultlsIA29_cEERS0_RKT_
FN:191,_ZN7testing15AssertionResultlsIA106_cEERS0_RKT_
FN:191,_ZN7testing15AssertionResultlsIA100_cEERS0_RKT_
FN:191,_ZN7testing15AssertionResultlsINS_14TestPartResultEEERS0_RKT_
FN:191,_ZN7testing15AssertionResultlsIA9_cEERS0_RKT_
FN:191,_ZN7testing15AssertionResultlsINS_7MessageEEERS0_RKT_
FN:206,_ZN7testing15AssertionResult13AppendMessageERKNS_7MessageE
FNDA:0,_ZNK7testing15AssertionResult7messageEv
FNDA:0,_ZN7testing15AssertionResultlsIA106_cEERS0_RKT_
FNDA:0,_ZN7testing15AssertionResultlsIA100_cEERS0_RKT_
FNDA:0,_ZN7testing15AssertionResultlsINS_14TestPartResultEEERS0_RKT_
FNDA:0,_ZN7testing15AssertionResultlsIA29_cEERS0_RKT_
FNDA:0,_ZN7testing15AssertionResultlsIA27_cEERS0_RKT_
FNDA:0,_ZN7testing15AssertionResultlsIA11_cEERS0_RKT_
FNDA:0,_ZN7testing15AssertionResultlsINS_7MessageEEERS0_RKT_
FNDA:0,_ZN7testing15AssertionResultlsIA9_cEERS0_RKT_
FNDA:0,_ZN7testing15AssertionResultlsIA2_cEERS0_RKT_
FNDA:0,_ZN7testing15AssertionResultlsIPKwEERS0_RKT_
FNDA:0,_ZN7testing15AssertionResultlsIA3_cEERS0_RKT_
FNDA:57,_ZN7testing15AssertionResultC2IbEERKT_PNSt9enable_ifIXntsrSt14is_convertibleIS2_S0_E5valueEvE4typeE
FNDA:0,_ZN7testing15AssertionResultlsIA16_cEERS0_RKT_
FNDA:0,_ZN7testing15AssertionResult13AppendMessageERKNS_7MessageE
FNDA:0,_ZN7testing15AssertionResultlsIA6_cEERS0_RKT_
FNDA:0,_ZN7testing15AssertionResultlsIA15_cEERS0_RKT_
FNDA:0,_ZNK7testing15AssertionResult15failure_messageEv
FNDA:0,_ZN7testing15AssertionResultlsIA17_cEERS0_RKT_
FNDA:0,_ZN7testing15AssertionResultlsIA24_cEERS0_RKT_
FNDA:0,_ZN7testing15AssertionResultlsINSt7__cxx1112basic_stringIcSt11char_traitsIcESaIcEEEEERS0_RKT_
FNDA:57,_ZNK7testing15AssertionResultcvbEv
FNDA:0,_ZN7testing15AssertionResultlsIA5_cEERS0_RKT_
FNDA:0,_ZN7testing15AssertionResultlsIdEERS0_RKT_
FNDA:0,_ZN7testing15AssertionResultlsIPKcEERS0_RKT_
FNDA:0,_ZN7testing15AssertionResultlsIA13_cEERS0_RKT_
FNDA:0,_ZN7testing15AssertionResultlsIA14_cEERS0_RKT_
FNDA:0,_ZN7testing15AssertionResultlsINSt7__cxx1112basic_stringIwSt11char_traitsIwESaIwEEEEERS0_RKT_
FNDA:0,_ZN7testing15AssertionResultlsIA7_cEERS0_RKT_
FNDA:0,_ZN7testing15AssertionResultlsIA12_cEERS0_RKT_
FNF:30
FNH:2
DA:155,57
DA:161,57
DA:174,57
DA:183,0
DA:184,0
DA:187,0
DA:191,0
DA:192,0
DA:193,0
DA:206,0
DA:207,0
DA:208,0
DA:209,0
LF:13
LH:3
end_of_record
TN:
SF:/home/viktor/repos/automata/third_party/googletest/googletest/include/gtest/gtest-matchers.h
FN:82,_ZN7testing19MatchResultListenerC2EPSo
FN:94,_ZN7testing19MatchResultListener6streamEv
FN:109,_ZN7testing19MatchResultListenerD0Ev
FN:109,_ZN7testing19MatchResultListenerD2Ev
FN:115,_ZN7testing25MatcherDescriberInterfaceD2Ev
FN:115,_ZN7testing25MatcherDescriberInterfaceD0Ev
FN:130,_ZNK7testing25MatcherDescriberInterface18DescribeNegationToEPSo
FN:183,_ZNK7testing8internal5AnyEqclISt17basic_string_viewIcSt11char_traitsIcEENSt7__cxx1112basic_stringIcS5_SaIcEEEEEbRKT_RKT0_
FN:183,_ZNK7testing8internal5AnyEqclINSt7__cxx1112basic_stringIcSt11char_traitsIcESaIcEEES8_EEbRKT_RKT0_
FN:221,_ZN7testing8internal24DummyMatchResultListenerC2Ev
FN:245,_ZN7testing8internal17SharedPayloadBase5UnrefEv
FN:251,_ZN7testing8internal13SharedPayloadINS0_9EqMatcherINSt7__cxx1112basic_stringIcSt11char_traitsIcESaIcEEEEEEC2EOS9_
FN:253,_ZN7testing8internal13SharedPayloadINS0_9EqMatcherINSt7__cxx1112basic_stringIcSt11char_traitsIcESaIcEEEEEE7DestroyEPNS0_17SharedPayloadBaseE
FN:268,_ZNK7testing8internal11MatcherBaseIRKNSt7__cxx1112basic_stringIcSt11char_traitsIcESaIcEEEE15MatchAndExplainES9_PNS_19MatchResultListenerE
FN:274,_ZNK7testing8internal11MatcherBaseIRKNSt7__cxx1112basic_stringIcSt11char_traitsIcESaIcEEEE7MatchesES9_
FN:280,_ZNK7testing8internal11MatcherBaseIRKSt17basic_string_viewIcSt11char_traitsIcEEE10DescribeToEPSo
FN:280,_ZNK7testing8internal11MatcherBaseISt17basic_string_viewIcSt11char_traitsIcEEE10DescribeToEPSo
FN:280,_ZNK7testing8internal11MatcherBaseIRKNSt7__cxx1112basic_stringIcSt11char_traitsIcESaIcEEEE10DescribeToEPSo
FN:280,_ZNK7testing8internal11MatcherBaseINSt7__cxx1112basic_stringIcSt11char_traitsIcESaIcEEEE10DescribeToEPSo
FN:286,_ZNK7testing8internal11MatcherBaseIRKNSt7__cxx1112basic_stringIcSt11char_traitsIcESaIcEEEE18DescribeNegationToEPSo
FN:286,_ZNK7testing8internal11MatcherBaseISt17basic_string_viewIcSt11char_traitsIcEEE18DescribeNegationToEPSo
FN:286,_ZNK7testing8internal11MatcherBaseIRKSt17basic_string_viewIcSt11char_traitsIcEEE18DescribeNegationToEPSo
FN:286,_ZNK7testing8internal11MatcherBaseINSt7__cxx1112basic_stringIcSt11char_traitsIcESaIcEEEE18DescribeNegationToEPSo
FN:306,_ZN7testing8internal11MatcherBaseISt17basic_string_viewIcSt11char_traitsIcEEEC2Ev
FN:306,_ZN7testing8internal11MatcherBaseIRKSt17basic_string_viewIcSt11char_traitsIcEEEC2Ev
FN:306,_ZN7testing8internal11MatcherBaseIRKNSt7__cxx1112basic_stringIcSt11char_traitsIcESaIcEEEEC2Ev
FN:306,_ZN7testing8internal11MatcherBaseINSt7__cxx1112basic_stringIcSt11char_traitsIcESaIcEEEEC2Ev
FN:317,_ZN7testing8internal11MatcherBaseINSt7__cxx1112basic_stringIcSt11char_traitsIcESaIcEEEEC2INS0_9EqMatcherIS7_EEvEEOT_
FN:317,_ZN7testing8internal11MatcherBaseIRKSt17basic_string_viewIcSt11char_traitsIcEEEC2INS0_9EqMatcherINSt7__cxx1112basic_stringIcS4_SaIcEEEEEvEEOT_
FN:317,_ZN7testing8internal11MatcherBaseIRKNSt7__cxx1112basic_stringIcSt11char_traitsIcESaIcEEEEC2INS0_9EqMatcherIS7_EEvEEOT_
FN:317,_ZN7testing8internal11MatcherBaseISt17basic_string_viewIcSt11char_traitsIcEEEC2INS0_9EqMatcherINSt7__cxx1112basic_stringIcS4_SaIcEEEEEvEEOT_
FN:335,_ZN7testing8internal11MatcherBaseIRKNSt7__cxx1112basic_stringIcSt11char_traitsIcESaIcEEEEC2EOSA_
FN:340,_ZN7testing8internal11MatcherBaseIRKSt17basic_string_viewIcSt11char_traitsIcEEEaSEOS8_
FN:340,_ZN7testing8internal11MatcherBaseINSt7__cxx1112basic_stringIcSt11char_traitsIcESaIcEEEEaSEOS8_
FN:340,_ZN7testing8internal11MatcherBaseIRKNSt7__cxx1112basic_stringIcSt11char_traitsIcESaIcEEEEaSEOSA_
FN:340,_ZN7testing8internal11MatcherBaseISt17basic_string_viewIcSt11char_traitsIcEEEaSEOS6_
FN:349,_ZN7testing8internal11MatcherBaseINSt7__cxx1112basic_stringIcSt11char_traitsIcESaIcEEEED0Ev
FN:349,_ZN7testing8internal11MatcherBaseIRKSt17basic_string_viewIcSt11char_traitsIcEEED2Ev
FN:349,_ZN7testing8internal11MatcherBaseIRKNSt7__cxx1112basic_stringIcSt11char_traitsIcESaIcEEEED2Ev
FN:349,_ZN7testing8internal11MatcherBaseISt17basic_string_viewIcSt11char_traitsIcEEED2Ev
FN:349,_ZN7testing8internal11MatcherBaseISt17basic_string_viewIcSt11char_traitsIcEEED0Ev
FN:349,_ZN7testing8internal11MatcherBaseIRKSt17basic_string_viewIcSt11char_traitsIcEEED0Ev
FN:349,_ZN7testing8internal11MatcherBaseIRKNSt7__cxx1112basic_stringIcSt11char_traitsIcESaIcEEEED0Ev
FN:349,_ZN7testing8internal11MatcherBaseINSt7__cxx1112basic_stringIcSt11char_traitsIcESaIcEEEED2Ev
FN:363,_ZNK7testing8internal11MatcherBaseIRKSt17basic_string_viewIcSt11char_traitsIcEEE8IsSharedEv
FN:363,_ZNK7testing8internal11MatcherBaseINSt7__cxx1112basic_stringIcSt11char_traitsIcESaIcEEEE8IsSharedEv
FN:363,_ZNK7testing8internal11MatcherBaseIRKNSt7__cxx1112basic_stringIcSt11char_traitsIcESaIcEEEE8IsSharedEv
FN:363,_ZNK7testing8internal11MatcherBaseISt17basic_string_viewIcSt11char_traitsIcEEE8IsSharedEv
FN:369,_ZN7testing8internal11MatcherBaseISt17basic_string_viewIcSt11char_traitsIcEEE19MatchAndExplainImplINS6_11ValuePolicyINS0_9EqMatcherINSt7__cxx1112basic_stringIcS4_SaIcEEEEELb0EEEEEDTcldtclsrT_3Getfp_E15MatchAndExplainfp0_clptfp1_L_ZNS_19MatchResultListener6streamEvEEEERKS6_RKS5_PSH_
FN:369,_ZN7testing8internal11MatcherBaseIRKSt17basic_string_viewIcSt11char_traitsIcEEE19MatchAndExplainImplINS8_11ValuePolicyINS0_9EqMatcherINSt7__cxx1112basic_stringIcS4_SaIcEEEEELb0EEEEEDTcldtclsrT_3Getfp_E15MatchAndExplainfp0_clptfp1_L_ZNS_19MatchResultListener6streamEvEEEERKS8_S7_PSJ_
FN:369,_ZN7testing8internal11MatcherBaseINSt7__cxx1112basic_stringIcSt11char_traitsIcESaIcEEEE19MatchAndExplainImplINS8_11ValuePolicyINS0_9EqMatcherIS7_EELb0EEEEEDTcldtclsrT_3Getfp_E15MatchAndExplainfp0_clptfp1_L_ZNS_19MatchResultListener6streamEvEEEERKS8_RKS7_PSF_
FN:369,_ZN7testing8internal11MatcherBaseIRKNSt7__cxx1112basic_stringIcSt11char_traitsIcESaIcEEEE19MatchAndExplainImplINSA_11ValuePolicyINS0_9EqMatcherIS7_EELb0EEEEEDTcldtclsrT_3Getfp_E15MatchAndExplainfp0_clptfp1_L_ZNS_19MatchResultListener6streamEvEEEERKSA_S9_PSH_
FN:383,_ZN7testing8internal11MatcherBaseIRKNSt7__cxx1112basic_stringIcSt11char_traitsIcESaIcEEEE12DescribeImplINSA_11ValuePolicyINS0_9EqMatcherIS7_EELb0EEEEEvRKSA_PSob
FN:383,_ZN7testing8internal11MatcherBaseINSt7__cxx1112basic_stringIcSt11char_traitsIcESaIcEEEE12DescribeImplINS8_11ValuePolicyINS0_9EqMatcherIS7_EELb0EEEEEvRKS8_PSob
FN:383,_ZN7testing8internal11MatcherBaseIRKSt17basic_string_viewIcSt11char_traitsIcEEE12DescribeImplINS8_11ValuePolicyINS0_9EqMatcherINSt7__cxx1112basic_stringIcS4_SaIcEEEEELb0EEEEEvRKS8_PSob
FN:383,_ZN7testing8internal11MatcherBaseISt17basic_string_viewIcSt11char_traitsIcEEE12DescribeImplINS6_11ValuePolicyINS0_9EqMatcherINSt7__cxx1112basic_stringIcS4_SaIcEEEEELb0EEEEEvRKS6_PSob
FN:393,_ZN7testing8internal11MatcherBaseISt17basic_string_viewIcSt11char_traitsIcEEE16GetDescriberImplINS6_11ValuePolicyINS0_9EqMatcherINSt7__cxx1112basic_stringIcS4_SaIcEEEEELb0EEEEEPKNS_25MatcherDescriberInterfaceERKS6_
FN:393,_ZN7testing8internal11MatcherBaseINSt7__cxx1112basic_stringIcSt11char_traitsIcESaIcEEEE16GetDescriberImplINS8_11ValuePolicyINS0_9EqMatcherIS7_EELb0EEEEEPKNS_25MatcherDescriberInterfaceERKS8_
FN:393,_ZN7testing8internal11MatcherBaseIRKNSt7__cxx1112basic_stringIcSt11char_traitsIcESaIcEEEE16GetDescriberImplINSA_11ValuePolicyINS0_9EqMatcherIS7_EELb0EEEEEPKNS_25MatcherDescriberInterfaceERKSA_
FN:393,_ZN7testing8internal11MatcherBaseIRKSt17basic_string_viewIcSt11char_traitsIcEEE16GetDescriberImplINS8_11ValuePolicyINS0_9EqMatcherINSt7__cxx1112basic_stringIcS4_SaIcEEEEELb0EEEEEPKNS_25MatcherDescriberInterfaceERKS8_
FN:409,_ZN7testing8internal11MatcherBaseIRKNSt7__cxx1112basic_stringIcSt11char_traitsIcESaIcEEEE9GetVTableINSA_11ValuePolicyINS0_9EqMatcherIS7_EELb0EEEEEPKNSA_6VTableEv
FN:409,_ZN7testing8internal11MatcherBaseIRKSt17basic_string_viewIcSt11char_traitsIcEEE9GetVTableINS8_11ValuePolicyINS0_9EqMatcherINSt7__cxx1112basic_stringIcS4_SaIcEEEEELb0EEEEEPKNS8_6VTableEv
FN:409,_ZN7testing8internal11MatcherBaseISt17basic_string_viewIcSt11char_traitsIcEEE9GetVTableINS6_11ValuePolicyINS0_9EqMatcherINSt7__cxx1112basic_stringIcS4_SaIcEEEEELb0EEEEEPKNS6_6VTableEv
FN:409,_ZN7testing8internal11MatcherBaseINSt7__cxx1112basic_stringIcSt11char_traitsIcESaIcEEEE9GetVTableINS8_11ValuePolicyINS0_9EqMatcherIS7_EELb0EEEEEPKNS8_6VTableEv
FN:425,_ZN7testing8internal11MatcherBaseIRKNSt7__cxx1112basic_stringIcSt11char_traitsIcESaIcEEEE7DestroyEv
FN:425,_ZN7testing8internal11MatcherBaseINSt7__cxx1112basic_stringIcSt11char_traitsIcESaIcEEEE7DestroyEv
FN:425,_ZN7testing8internal11MatcherBaseIRKSt17basic_string_viewIcSt11char_traitsIcEEE7DestroyEv
FN:425,_ZN7testing8internal11MatcherBaseISt17basic_string_viewIcSt11char_traitsIcEEE7DestroyEv
FN:456,_ZN7testing8internal11MatcherBaseIRKSt17basic_string_viewIcSt11char_traitsIcEEE11ValuePolicyINS0_9EqMatcherINSt7__cxx1112basic_stringIcS4_SaIcEEEEELb0EE3GetERKS8_
FN:456,_ZN7testing8internal11MatcherBaseIRKNSt7__cxx1112basic_stringIcSt11char_traitsIcESaIcEEEE11ValuePolicyINS0_9EqMatcherIS7_EELb0EE3GetERKSA_
FN:456,_ZN7testing8internal11MatcherBaseISt17basic_string_viewIcSt11char_traitsIcEEE11ValuePolicyINS0_9EqMatcherINSt7__cxx1112basic_stringIcS4_SaIcEEEEELb0EE3GetERKS6_
FN:456,_ZN7testing8internal11MatcherBaseINSt7__cxx1112basic_stringIcSt11char_traitsIcESaIcEEEE11ValuePolicyINS0_9EqMatcherIS7_EELb0EE3GetERKS8_
FN:460,_ZN7testing8internal11MatcherBaseISt17basic_string_viewIcSt11char_traitsIcEEE11ValuePolicyINS0_9EqMatcherINSt7__cxx1112basic_stringIcS4_SaIcEEEEELb0EE4InitISD_EEvRS6_OT_
FN:460,_ZN7testing8internal11MatcherBaseINSt7__cxx1112basic_stringIcSt11char_traitsIcESaIcEEEE11ValuePolicyINS0_9EqMatcherIS7_EELb0EE4InitISB_EEvRS8_OT_
FN:460,_ZN7testing8internal11MatcherBaseIRKNSt7__cxx1112basic_stringIcSt11char_traitsIcESaIcEEEE11ValuePolicyINS0_9EqMatcherIS7_EELb0EE4InitISD_EEvRSA_OT_
FN:460,_ZN7testing8internal11MatcherBaseIRKSt17basic_string_viewIcSt11char_traitsIcEEE11ValuePolicyINS0_9EqMatcherINSt7__cxx1112basic_stringIcS4_SaIcEEEEELb0EE4InitISF_EEvRS8_OT_
FN:481,_ZN7testing8internal11MatcherBaseIRKNSt7__cxx1112basic_stringIcSt11char_traitsIcESaIcEEEE4InitINS0_9EqMatcherIS7_EEEEvOT_
FN:481,_ZN7testing8internal11MatcherBaseISt17basic_string_viewIcSt11char_traitsIcEEE4InitINS0_9EqMatcherINSt7__cxx1112basic_stringIcS4_SaIcEEEEEEEvOT_
FN:481,_ZN7testing8internal11MatcherBaseIRKSt17basic_string_viewIcSt11char_traitsIcEEE4InitINS0_9EqMatcherINSt7__cxx1112basic_stringIcS4_SaIcEEEEEEEvOT_
FN:481,_ZN7testing8internal11MatcherBaseINSt7__cxx1112basic_stringIcSt11char_traitsIcESaIcEEEE4InitINS0_9EqMatcherIS7_EEEEvOT_
FN:540,_ZN7testing7MatcherIRKNSt7__cxx1112basic_stringIcSt11char_traitsIcESaIcEEEEC2INS_8internal9EqMatcherIS6_EEvEEOT_
FN:564,_ZN7testing7MatcherINSt7__cxx1112basic_stringIcSt11char_traitsIcESaIcEEEEC2INS_8internal9EqMatcherIS6_EEvEEOT_
FN:590,_ZN7testing7MatcherIRKSt17basic_string_viewIcSt11char_traitsIcEEEC2INS_8internal9EqMatcherINSt7__cxx1112basic_stringIcS3_SaIcEEEEEvEEOT_
FN:618,_ZN7testing7MatcherISt17basic_string_viewIcSt11char_traitsIcEEEC2INS_8internal9EqMatcherINSt7__cxx1112basic_stringIcS3_SaIcEEEEEvEEOT_
FN:730,_ZN7testing8internal14ComparisonBaseINS0_9EqMatcherINSt7__cxx1112basic_stringIcSt11char_traitsIcESaIcEEEEES8_NS0_5AnyEqEEC2ERKS8_
FN:735,_ZNK7testing8internal14ComparisonBaseINS0_9EqMatcherINSt7__cxx1112basic_stringIcSt11char_traitsIcESaIcEEEEES8_NS0_5AnyEqEE15MatchAndExplainIS8_EEbRKT_PSo
FN:735,_ZNK7testing8internal14ComparisonBaseINS0_9EqMatcherINSt7__cxx1112basic_stringIcSt11char_traitsIcESaIcEEEEES8_NS0_5AnyEqEE15MatchAndExplainISt17basic_string_viewIcS6_EEEbRKT_PSo
FN:738,_ZNK7testing8internal14ComparisonBaseINS0_9EqMatcherINSt7__cxx1112basic_stringIcSt11char_traitsIcESaIcEEEEES8_NS0_5AnyEqEE10DescribeToEPSo
FN:742,_ZNK7testing8internal14ComparisonBaseINS0_9EqMatcherINSt7__cxx1112basic_stringIcSt11char_traitsIcESaIcEEEEES8_NS0_5AnyEqEE18DescribeNegationToEPSo
FN:749,_ZN7testing8internal14ComparisonBaseINS0_9EqMatcherINSt7__cxx1112basic_stringIcSt11char_traitsIcESaIcEEEEES8_NS0_5AnyEqEE6UnwrapIS8_EERKT_SF_
FN:763,_ZN7testing8internal9EqMatcherINSt7__cxx1112basic_stringIcSt11char_traitsIcESaIcEEEEC2ERKS7_
FN:765,_ZN7testing8internal9EqMatcherINSt7__cxx1112basic_stringIcSt11char_traitsIcESaIcEEEE4DescEv
FN:766,_ZN7testing8internal9EqMatcherINSt7__cxx1112basic_stringIcSt11char_traitsIcESaIcEEEE11NegatedDescEv
FN:895,_ZN7testing2EqINSt7__cxx1112basic_stringIcSt11char_traitsIcESaIcEEEEENS_8internal9EqMatcherIT_EES9_
FNDA:0,_ZN7testing8internal11MatcherBaseIRKNSt7__cxx1112basic_stringIcSt11char_traitsIcESaIcEEEE9GetVTableINSA_11ValuePolicyINS0_9EqMatcherIS7_EELb0EEEEEPKNSA_6VTableEv
FNDA:0,_ZN7testing8internal11MatcherBaseINSt7__cxx1112basic_stringIcSt11char_traitsIcESaIcEEEE19MatchAndExplainImplINS8_11ValuePolicyINS0_9EqMatcherIS7_EELb0EEEEEDTcldtclsrT_3Getfp_E15MatchAndExplainfp0_clptfp1_L_ZNS_19MatchResultListener6streamEvEEEERKS8_RKS7_PSF_
FNDA:0,_ZNK7testing8internal11MatcherBaseIRKNSt7__cxx1112basic_stringIcSt11char_traitsIcESaIcEEEE18DescribeNegationToEPSo
FNDA:0,_ZNK7testing8internal14ComparisonBaseINS0_9EqMatcherINSt7__cxx1112basic_stringIcSt11char_traitsIcESaIcEEEEES8_NS0_5AnyEqEE18DescribeNegationToEPSo
FNDA:0,_ZN7testing8internal11MatcherBaseINSt7__cxx1112basic_stringIcSt11char_traitsIcESaIcEEEEC2INS0_9EqMatcherIS7_EEvEEOT_
FNDA:0,_ZN7testing8internal9EqMatcherINSt7__cxx1112basic_stringIcSt11char_traitsIcESaIcEEEEC2ERKS7_
FNDA:0,_ZN7testing8internal11MatcherBaseIRKSt17basic_string_viewIcSt11char_traitsIcEEE19MatchAndExplainImplINS8_11ValuePolicyINS0_9EqMatcherINSt7__cxx1112basic_stringIcS4_SaIcEEEEELb0EEEEEDTcldtclsrT_3Getfp_E15MatchAndExplainfp0_clptfp1_L_ZNS_19MatchResultListener6streamEvEEEERKS8_S7_PSJ_
FNDA:0,_ZN7testing8internal11MatcherBaseIRKSt17basic_string_viewIcSt11char_traitsIcEEEaSEOS8_
FNDA:0,_ZN7testing8internal11MatcherBaseISt17basic_string_viewIcSt11char_traitsIcEEE19MatchAndExplainImplINS6_11ValuePolicyINS0_9EqMatcherINSt7__cxx1112basic_stringIcS4_SaIcEEEEELb0EEEEEDTcldtclsrT_3Getfp_E15MatchAndExplainfp0_clptfp1_L_ZNS_19MatchResultListener6streamEvEEEERKS6_RKS5_PSH_
FNDA:0,_ZNK7testing8internal11MatcherBaseIRKNSt7__cxx1112basic_stringIcSt11char_traitsIcESaIcEEEE7MatchesES9_
FNDA:0,_ZN7testing8internal11MatcherBaseIRKNSt7__cxx1112basic_stringIcSt11char_traitsIcESaIcEEEE19MatchAndExplainImplINSA_11ValuePolicyINS0_9EqMatcherIS7_EELb0EEEEEDTcldtclsrT_3Getfp_E15MatchAndExplainfp0_clptfp1_L_ZNS_19MatchResultListener6streamEvEEEERKSA_S9_PSH_
FNDA:0,_ZNK7testing8internal11MatcherBaseIRKSt17basic_string_viewIcSt11char_traitsIcEEE18DescribeNegationToEPSo
FNDA:0,_ZNK7testing8internal11MatcherBaseINSt7__cxx1112basic_stringIcSt11char_traitsIcESaIcEEEE8IsSharedEv
FNDA:0,_ZN7testing8internal11MatcherBaseIRKSt17basic_string_viewIcSt11char_traitsIcEEED2Ev
FNDA:0,_ZN7testing8internal11MatcherBaseISt17basic_string_viewIcSt11char_traitsIcEEEC2Ev
FNDA:0,_ZN7testing8internal11MatcherBaseIRKNSt7__cxx1112basic_stringIcSt11char_traitsIcESaIcEEEED2Ev
FNDA:0,_ZN7testing8internal24DummyMatchResultListenerC2Ev
FNDA:0,_ZNK7testing8internal11MatcherBaseIRKSt17basic_string_viewIcSt11char_traitsIcEEE8IsSharedEv
FNDA:0,_ZNK7testing8internal11MatcherBaseIRKSt17basic_string_viewIcSt11char_traitsIcEEE10DescribeToEPSo
FNDA:0,_ZN7testing2EqINSt7__cxx1112basic_stringIcSt11char_traitsIcESaIcEEEEENS_8internal9EqMatcherIT_EES9_
FNDA:0,_ZN7testing8internal11MatcherBaseINSt7__cxx1112basic_stringIcSt11char_traitsIcESaIcEEEED0Ev
FNDA:0,_ZN7testing8internal11MatcherBaseIRKNSt7__cxx1112basic_stringIcSt11char_traitsIcESaIcEEEE4InitINS0_9EqMatcherIS7_EEEEvOT_
FNDA:0,_ZNK7testing8internal11MatcherBaseISt17basic_string_viewIcSt11char_traitsIcEEE18DescribeNegationToEPSo
FNDA:0,_ZN7testing8internal13SharedPayloadINS0_9EqMatcherINSt7__cxx1112basic_stringIcSt11char_traitsIcESaIcEEEEEE7DestroyEPNS0_17SharedPayloadBaseE
FNDA:0,_ZN7testing8internal11MatcherBaseINSt7__cxx1112basic_stringIcSt11char_traitsIcESaIcEEEE16GetDescriberImplINS8_11ValuePolicyINS0_9EqMatcherIS7_EELb0EEEEEPKNS_25MatcherDescriberInterfaceERKS8_
FNDA:0,_ZN7testing8internal11MatcherBaseIRKNSt7__cxx1112basic_stringIcSt11char_traitsIcESaIcEEEE12DescribeImplINSA_11ValuePolicyINS0_9EqMatcherIS7_EELb0EEEEEvRKSA_PSob
FNDA:0,_ZNK7testing8internal14ComparisonBaseINS0_9EqMatcherINSt7__cxx1112basic_stringIcSt11char_traitsIcESaIcEEEEES8_NS0_5AnyEqEE15MatchAndExplainIS8_EEbRKT_PSo
FNDA:0,_ZN7testing8internal11MatcherBaseISt17basic_string_viewIcSt11char_traitsIcEEED2Ev
FNDA:0,_ZNK7testing8internal11MatcherBaseISt17basic_string_viewIcSt11char_traitsIcEEE10DescribeToEPSo
FNDA:0,_ZN7testing8internal13SharedPayloadINS0_9EqMatcherINSt7__cxx1112basic_stringIcSt11char_traitsIcESaIcEEEEEEC2EOS9_
FNDA:0,_ZN7testing8internal11MatcherBaseISt17basic_string_viewIcSt11char_traitsIcEEE11ValuePolicyINS0_9EqMatcherINSt7__cxx1112basic_stringIcS4_SaIcEEEEELb0EE4InitISD_EEvRS6_OT_
FNDA:0,_ZN7testing8internal11MatcherBaseISt17basic_string_viewIcSt11char_traitsIcEEE16GetDescriberImplINS6_11ValuePolicyINS0_9EqMatcherINSt7__cxx1112basic_stringIcS4_SaIcEEEEELb0EEEEEPKNS_25MatcherDescriberInterfaceERKS6_
FNDA:0,_ZNK7testing8internal5AnyEqclISt17basic_string_viewIcSt11char_traitsIcEENSt7__cxx1112basic_stringIcS5_SaIcEEEEEbRKT_RKT0_
FNDA:0,_ZN7testing8internal11MatcherBaseINSt7__cxx1112basic_stringIcSt11char_traitsIcESaIcEEEE11ValuePolicyINS0_9EqMatcherIS7_EELb0EE4InitISB_EEvRS8_OT_
FNDA:0,_ZN7testing8internal11MatcherBaseIRKSt17basic_string_viewIcSt11char_traitsIcEEE11ValuePolicyINS0_9EqMatcherINSt7__cxx1112basic_stringIcS4_SaIcEEEEELb0EE3GetERKS8_
FNDA:0,_ZN7testing8internal11MatcherBaseIRKNSt7__cxx1112basic_stringIcSt11char_traitsIcESaIcEEEEaSEOSA_
FNDA:0,_ZN7testing8internal14ComparisonBaseINS0_9EqMatcherINSt7__cxx1112basic_stringIcSt11char_traitsIcESaIcEEEEES8_NS0_5AnyEqEEC2ERKS8_
FNDA:0,_ZNK7testing8internal11MatcherBaseIRKNSt7__cxx1112basic_stringIcSt11char_traitsIcESaIcEEEE8IsSharedEv
FNDA:0,_ZN7testing7MatcherINSt7__cxx1112basic_stringIcSt11char_traitsIcESaIcEEEEC2INS_8internal9EqMatcherIS6_EEvEEOT_
FNDA:0,_ZN7testing19MatchResultListenerD0Ev
FNDA:0,_ZN7testing8internal9EqMatcherINSt7__cxx1112basic_stringIcSt11char_traitsIcESaIcEEEE4DescEv
FNDA:0,_ZN7testing8internal11MatcherBaseINSt7__cxx1112basic_stringIcSt11char_traitsIcESaIcEEEEaSEOS8_
FNDA:0,_ZN7testing7MatcherIRKSt17basic_string_viewIcSt11char_traitsIcEEEC2INS_8internal9EqMatcherINSt7__cxx1112basic_stringIcS3_SaIcEEEEEvEEOT_
FNDA:0,_ZN7testing8internal11MatcherBaseIRKSt17basic_string_viewIcSt11char_traitsIcEEEC2Ev
FNDA:0,_ZNK7testing8internal11MatcherBaseIRKNSt7__cxx1112basic_stringIcSt11char_traitsIcESaIcEEEE10DescribeToEPSo
FNDA:0,_ZN7testing19MatchResultListener6streamEv
FNDA:0,_ZNK7testing8internal11MatcherBaseINSt7__cxx1112basic_stringIcSt11char_traitsIcESaIcEEEE18DescribeNegationToEPSo
FNDA:0,_ZN7testing8internal11MatcherBaseISt17basic_string_viewIcSt11char_traitsIcEEED0Ev
FNDA:0,_ZN7testing8internal11MatcherBaseIRKSt17basic_string_viewIcSt11char_traitsIcEEEC2INS0_9EqMatcherINSt7__cxx1112basic_stringIcS4_SaIcEEEEEvEEOT_
FNDA:0,_ZN7testing8internal11MatcherBaseIRKNSt7__cxx1112basic_stringIcSt11char_traitsIcESaIcEEEE16GetDescriberImplINSA_11ValuePolicyINS0_9EqMatcherIS7_EELb0EEEEEPKNS_25MatcherDescriberInterfaceERKSA_
FNDA:0,_ZN7testing8internal11MatcherBaseIRKNSt7__cxx1112basic_stringIcSt11char_traitsIcESaIcEEEEC2INS0_9EqMatcherIS7_EEvEEOT_
FNDA:0,_ZN7testing8internal11MatcherBaseIRKNSt7__cxx1112basic_stringIcSt11char_traitsIcESaIcEEEEC2EOSA_
FNDA:0,_ZN7testing8internal11MatcherBaseIRKSt17basic_string_viewIcSt11char_traitsIcEEE9GetVTableINS8_11ValuePolicyINS0_9EqMatcherINSt7__cxx1112basic_stringIcS4_SaIcEEEEELb0EEEEEPKNS8_6VTableEv
FNDA:0,_ZN7testing8internal11MatcherBaseIRKSt17basic_string_viewIcSt11char_traitsIcEEED0Ev
FNDA:0,_ZN7testing7MatcherISt17basic_string_viewIcSt11char_traitsIcEEEC2INS_8internal9EqMatcherINSt7__cxx1112basic_stringIcS3_SaIcEEEEEvEEOT_
FNDA:0,_ZN7testing8internal11MatcherBaseIRKNSt7__cxx1112basic_stringIcSt11char_traitsIcESaIcEEEE11ValuePolicyINS0_9EqMatcherIS7_EELb0EE4InitISD_EEvRSA_OT_
FNDA:0,_ZN7testing19MatchResultListenerC2EPSo
FNDA:0,_ZN7testing8internal11MatcherBaseISt17basic_string_viewIcSt11char_traitsIcEEE9GetVTableINS6_11ValuePolicyINS0_9EqMatcherINSt7__cxx1112basic_stringIcS4_SaIcEEEEELb0EEEEEPKNS6_6VTableEv
FNDA:0,_ZN7testing8internal11MatcherBaseIRKNSt7__cxx1112basic_stringIcSt11char_traitsIcESaIcEEEE7DestroyEv
FNDA:0,_ZN7testing8internal11MatcherBaseINSt7__cxx1112basic_stringIcSt11char_traitsIcESaIcEEEE12DescribeImplINS8_11ValuePolicyINS0_9EqMatcherIS7_EELb0EEEEEvRKS8_PSob
FNDA:0,_ZN7testing8internal11MatcherBaseIRKNSt7__cxx1112basic_stringIcSt11char_traitsIcESaIcEEEED0Ev
FNDA:0,_ZN7testing8internal11MatcherBaseINSt7__cxx1112basic_stringIcSt11char_traitsIcESaIcEEEE7DestroyEv
FNDA:0,_ZNK7testing8internal11MatcherBaseIRKNSt7__cxx1112basic_stringIcSt11char_traitsIcESaIcEEEE15MatchAndExplainES9_PNS_19MatchResultListenerE
FNDA:0,_ZN7testing8internal11MatcherBaseINSt7__cxx1112basic_stringIcSt11char_traitsIcESaIcEEEE9GetVTableINS8_11ValuePolicyINS0_9EqMatcherIS7_EELb0EEEEEPKNS8_6VTableEv
FNDA:0,_ZN7testing7MatcherIRKNSt7__cxx1112basic_stringIcSt11char_traitsIcESaIcEEEEC2INS_8internal9EqMatcherIS6_EEvEEOT_
FNDA:0,_ZNK7testing25MatcherDescriberInterface18DescribeNegationToEPSo
FNDA:0,_ZN7testing8internal11MatcherBaseISt17basic_string_viewIcSt11char_traitsIcEEEC2INS0_9EqMatcherINSt7__cxx1112basic_stringIcS4_SaIcEEEEEvEEOT_
FNDA:0,_ZN7testing8internal11MatcherBaseIRKNSt7__cxx1112basic_stringIcSt11char_traitsIcESaIcEEEEC2Ev
FNDA:0,_ZN7testing8internal11MatcherBaseISt17basic_string_viewIcSt11char_traitsIcEEE4InitINS0_9EqMatcherINSt7__cxx1112basic_stringIcS4_SaIcEEEEEEEvOT_
FNDA:0,_ZN7testing25MatcherDescriberInterfaceD2Ev
FNDA:0,_ZN7testing8internal11MatcherBaseIRKNSt7__cxx1112basic_stringIcSt11char_traitsIcESaIcEEEE11ValuePolicyINS0_9EqMatcherIS7_EELb0EE3GetERKSA_
FNDA:0,_ZNK7testing8internal11MatcherBaseINSt7__cxx1112basic_stringIcSt11char_traitsIcESaIcEEEE10DescribeToEPSo
FNDA:0,_ZN7testing8internal9EqMatcherINSt7__cxx1112basic_stringIcSt11char_traitsIcESaIcEEEE11NegatedDescEv
FNDA:0,_ZNK7testing8internal11MatcherBaseISt17basic_string_viewIcSt11char_traitsIcEEE8IsSharedEv
FNDA:0,_ZN7testing8internal11MatcherBaseINSt7__cxx1112basic_stringIcSt11char_traitsIcESaIcEEEED2Ev
FNDA:0,_ZN7testing19MatchResultListenerD2Ev
FNDA:0,_ZN7testing8internal11MatcherBaseIRKSt17basic_string_viewIcSt11char_traitsIcEEE7DestroyEv
FNDA:0,_ZN7testing8internal14ComparisonBaseINS0_9EqMatcherINSt7__cxx1112basic_stringIcSt11char_traitsIcESaIcEEEEES8_NS0_5AnyEqEE6UnwrapIS8_EERKT_SF_
FNDA:0,_ZN7testing8internal11MatcherBaseIRKSt17basic_string_viewIcSt11char_traitsIcEEE11ValuePolicyINS0_9EqMatcherINSt7__cxx1112basic_stringIcS4_SaIcEEEEELb0EE4InitISF_EEvRS8_OT_
FNDA:0,_ZNK7testing8internal14ComparisonBaseINS0_9EqMatcherINSt7__cxx1112basic_stringIcSt11char_traitsIcESaIcEEEEES8_NS0_5AnyEqEE15MatchAndExplainISt17basic_string_viewIcS6_EEEbRKT_PSo
FNDA:0,_ZN7testing8internal11MatcherBaseISt17basic_string_viewIcSt11char_traitsIcEEE11ValuePolicyINS0_9EqMatcherINSt7__cxx1112basic_stringIcS4_SaIcEEEEELb0EE3GetERKS6_
FNDA:0,_ZN7testing8internal17SharedPayloadBase5UnrefEv
FNDA:0,_ZNK7testing8internal5AnyEqclINSt7__cxx1112basic_stringIcSt11char_traitsIcESaIcEEES8_EEbRKT_RKT0_
FNDA:0,_ZN7testing8internal11MatcherBaseISt17basic_string_viewIcSt11char_traitsIcEEEaSEOS6_
FNDA:0,_ZNK7testing8internal14ComparisonBaseINS0_9EqMatcherINSt7__cxx1112basic_stringIcSt11char_traitsIcESaIcEEEEES8_NS0_5AnyEqEE10DescribeToEPSo
FNDA:0,_ZN7testing8internal11MatcherBaseISt17basic_string_viewIcSt11char_traitsIcEEE12DescribeImplINS6_11ValuePolicyINS0_9EqMatcherINSt7__cxx1112basic_stringIcS4_SaIcEEEEELb0EEEEEvRKS6_PSob
FNDA:0,_ZN7testing25MatcherDescriberInterfaceD0Ev
FNDA:0,_ZN7testing8internal11MatcherBaseINSt7__cxx1112basic_stringIcSt11char_traitsIcESaIcEEEE4InitINS0_9EqMatcherIS7_EEEEvOT_
FNDA:0,_ZN7testing8internal11MatcherBaseINSt7__cxx1112basic_stringIcSt11char_traitsIcESaIcEEEEC2Ev
FNDA:0,_ZN7testing8internal11MatcherBaseISt17basic_string_viewIcSt11char_traitsIcEEE7DestroyEv
FNDA:0,_ZN7testing8internal11MatcherBaseIRKSt17basic_string_viewIcSt11char_traitsIcEEE12DescribeImplINS8_11ValuePolicyINS0_9EqMatcherINSt7__cxx1112basic_stringIcS4_SaIcEEEEELb0EEEEEvRKS8_PSob
FNDA:0,_ZN7testing8internal11MatcherBaseINSt7__cxx1112basic_stringIcSt11char_traitsIcESaIcEEEE11ValuePolicyINS0_9EqMatcherIS7_EELb0EE3GetERKS8_
FNDA:0,_ZN7testing8internal11MatcherBaseIRKSt17basic_string_viewIcSt11char_traitsIcEEE4InitINS0_9EqMatcherINSt7__cxx1112basic_stringIcS4_SaIcEEEEEEEvOT_
FNDA:0,_ZN7testing8internal11MatcherBaseIRKSt17basic_string_viewIcSt11char_traitsIcEEE16GetDescriberImplINS8_11ValuePolicyINS0_9EqMatcherINSt7__cxx1112basic_stringIcS4_SaIcEEEEELb0EEEEEPKNS_25MatcherDescriberInterfaceERKS8_
FNF:94
FNH:0
DA:82,0
DA:94,0
DA:109,0
DA:115,0
DA:130,0
DA:131,0
DA:132,0
DA:133,0
DA:134,0
DA:183,0
DA:184,0
DA:221,0
DA:245,0
DA:251,0
DA:253,0
DA:254,0
DA:255,0
DA:268,0
DA:269,0
DA:270,0
DA:274,0
DA:275,0
DA:276,0
DA:280,0
DA:281,0
DA:282,0
DA:283,0
DA:286,0
DA:287,0
DA:288,0
DA:289,0
DA:306,0
DA:317,0
DA:318,0
DA:319,0
DA:335,0
DA:336,0
DA:337,0
DA:338,0
DA:340,0
DA:341,0
DA:342,0
DA:343,0
DA:344,0
DA:345,0
DA:346,0
DA:349,0
DA:363,0
DA:364,0
DA:369,0
DA:372,0
DA:383,0
DA:385,0
DA:386,0
DA:388,0
DA:390,0
DA:393,0
DA:405,0
DA:409,0
DA:413,0
DA:425,0
DA:426,0
DA:427,0
DA:429,0
DA:456,0
DA:457,0
DA:460,0
DA:461,0
DA:462,0
DA:481,0
DA:484,0
DA:485,0
DA:486,0
DA:540,0
DA:541,0
DA:564,0
DA:565,0
DA:590,0
DA:591,0
DA:592,0
DA:618,0
DA:619,0
DA:730,0
DA:735,0
DA:736,0
DA:738,0
DA:739,0
DA:740,0
DA:741,0
DA:742,0
DA:743,0
DA:744,0
DA:745,0
DA:749,0
DA:750,0
DA:763,0
DA:764,0
DA:765,0
DA:766,0
DA:895,0
DA:896,0
LF:101
LH:0
end_of_record
TN:
SF:/home/viktor/repos/automata/third_party/googletest/googletest/include/gtest/gtest-message.h
FN:103,_ZN7testing7MessageC2ERKS0_
FN:114,_ZN7testing7MessagelsINS_14TestPartResultEEERS0_RKT_
FN:114,_ZN7testing7MessagelsIA106_cEERS0_RKT_
FN:114,_ZN7testing7MessagelsIA52_cEERS0_RKT_
FN:114,_ZN7testing7MessagelsIA17_cEERS0_RKT_
FN:114,_ZN7testing7MessagelsIA61_cEERS0_RKT_
FN:114,_ZN7testing7MessagelsIA53_cEERS0_RKT_
FN:114,_ZN7testing7MessagelsIA256_cEERS0_RKT_
FN:114,_ZN7testing7MessagelsIA7_cEERS0_RKT_
FN:114,_ZN7testing7MessagelsIA2_cEERS0_RKT_
FN:114,_ZN7testing7MessagelsIA11_cEERS0_RKT_
FN:114,_ZN7testing7MessagelsIA100_cEERS0_RKT_
FN:114,_ZN7testing7MessagelsIA51_cEERS0_RKT_
FN:114,_ZN7testing7MessagelsIA9_cEERS0_RKT_
FN:114,_ZN7testing7MessagelsIA8_cEERS0_RKT_
FN:114,_ZN7testing7MessagelsIA27_cEERS0_RKT_
FN:114,_ZN7testing7MessagelsIA62_cEERS0_RKT_
FN:114,_ZN7testing7MessagelsIA25_cEERS0_RKT_
FN:114,_ZN7testing7MessagelsIA60_cEERS0_RKT_
FN:114,_ZN7testing7MessagelsIA12_cEERS0_RKT_
FN:114,_ZN7testing7MessagelsIA28_cEERS0_RKT_
FN:114,_ZN7testing7MessagelsIcEERS0_RKT_
FN:114,_ZN7testing7MessagelsIA13_cEERS0_RKT_
FN:114,_ZN7testing7MessagelsIA5_cEERS0_RKT_
FN:114,_ZN7testing7MessagelsIA6_cEERS0_RKT_
FN:114,_ZN7testing7MessagelsIA16_cEERS0_RKT_
FN:114,_ZN7testing7MessagelsIA93_cEERS0_RKT_
FN:114,_ZN7testing7MessagelsIA63_cEERS0_RKT_
FN:114,_ZN7testing7MessagelsIA19_cEERS0_RKT_
FN:114,_ZN7testing7MessagelsINSt7__cxx1112basic_stringIcSt11char_traitsIcESaIcEEEEERS0_RKT_
FN:114,_ZN7testing7MessagelsIA65_cEERS0_RKT_
FN:114,_ZN7testing7MessagelsIA50_cEERS0_RKT_
FN:114,_ZN7testing7MessagelsIA48_cEERS0_RKT_
FN:114,_ZN7testing7MessagelsIA47_cEERS0_RKT_
FN:114,_ZN7testing7MessagelsIiEERS0_RKT_
FN:114,_ZN7testing7MessagelsIlEERS0_RKT_
FN:114,_ZN7testing7MessagelsIA68_cEERS0_RKT_
FN:114,_ZN7testing7MessagelsIA22_cEERS0_RKT_
FN:114,_ZN7testing7MessagelsIA24_cEERS0_RKT_
FN:114,_ZN7testing7MessagelsIS0_EERS0_RKT_
FN:114,_ZN7testing7MessagelsIA32_cEERS0_RKT_
FN:114,_ZN7testing7MessagelsIA30_cEERS0_RKT_
FN:114,_ZN7testing7MessagelsIA38_cEERS0_RKT_
FN:114,_ZN7testing7MessagelsIA18_cEERS0_RKT_
FN:114,_ZN7testing7MessagelsIA15_cEERS0_RKT_
FN:114,_ZN7testing7MessagelsIdEERS0_RKT_
FN:114,_ZN7testing7MessagelsIA39_cEERS0_RKT_
FN:114,_ZN7testing7MessagelsIA41_cEERS0_RKT_
FN:114,_ZN7testing7MessagelsIA21_cEERS0_RKT_
FN:114,_ZN7testing7MessagelsIA29_cEERS0_RKT_
FN:114,_ZN7testing7MessagelsIA20_cEERS0_RKT_
FN:114,_ZN7testing7MessagelsIA14_cEERS0_RKT_
FN:114,_ZN7testing7MessagelsImEERS0_RKT_
FN:114,_ZN7testing7MessagelsIA4_cEERS0_RKT_
FN:114,_ZN7testing7MessagelsIA33_cEERS0_RKT_
FN:114,_ZN7testing7MessagelsIA3_cEERS0_RKT_
FN:114,_ZN7testing7MessagelsIA35_cEERS0_RKT_
FN:114,_ZN7testing7MessagelsIA40_cEERS0_RKT_
FN:114,_ZN7testing7MessagelsIA10_cEERS0_RKT_
FN:148,_ZN7testing7MessagelsIcEERS0_RKPT_
FN:148,_ZN7testing7MessagelsIKcEERS0_RKPT_
FN:198,_ZN7testinglsERSoRKNS_7MessageE
FN:209,_ZN7testing8internal18StreamableToStringIPwEENSt7__cxx1112basic_stringIcSt11char_traitsIcESaIcEEERKT_
FN:209,_ZN7testing8internal18StreamableToStringIPcEENSt7__cxx1112basic_stringIcSt11char_traitsIcESaIcEEERKT_
FN:209,_ZN7testing8internal18StreamableToStringIiEENSt7__cxx1112basic_stringIcSt11char_traitsIcESaIcEEERKT_
FN:209,_ZN7testing8internal18StreamableToStringIlEENSt7__cxx1112basic_stringIcSt11char_traitsIcESaIcEEERKT_
FNDA:0,_ZN7testing7MessagelsIA10_cEERS0_RKT_
FNDA:0,_ZN7testing7MessagelsIA40_cEERS0_RKT_
FNDA:0,_ZN7testing7MessagelsIA35_cEERS0_RKT_
FNDA:0,_ZN7testing7MessagelsIA33_cEERS0_RKT_
FNDA:0,_ZN7testing7MessagelsIA4_cEERS0_RKT_
FNDA:0,_ZN7testing7MessagelsImEERS0_RKT_
FNDA:0,_ZN7testing7MessagelsIA3_cEERS0_RKT_
FNDA:0,_ZN7testing7MessagelsIA14_cEERS0_RKT_
FNDA:0,_ZN7testing7MessagelsIA20_cEERS0_RKT_
FNDA:11,_ZN7testing8internal18StreamableToStringIlEENSt7__cxx1112basic_stringIcSt11char_traitsIcESaIcEEERKT_
FNDA:14,_ZN7testing8internal18StreamableToStringIiEENSt7__cxx1112basic_stringIcSt11char_traitsIcESaIcEEERKT_
FNDA:0,_ZN7testing7MessagelsIA41_cEERS0_RKT_
FNDA:0,_ZN7testing7MessagelsIA39_cEERS0_RKT_
FNDA:0,_ZN7testinglsERSoRKNS_7MessageE
FNDA:0,_ZN7testing7MessagelsIA29_cEERS0_RKT_
FNDA:0,_ZN7testing7MessagelsIA21_cEERS0_RKT_
FNDA:0,_ZN7testing7MessagelsIA15_cEERS0_RKT_
FNDA:0,_ZN7testing7MessagelsIdEERS0_RKT_
FNDA:0,_ZN7testing7MessagelsIA24_cEERS0_RKT_
FNDA:0,_ZN7testing7MessagelsIA32_cEERS0_RKT_
FNDA:0,_ZN7testing7MessagelsIA38_cEERS0_RKT_
FNDA:0,_ZN7testing7MessagelsIA30_cEERS0_RKT_
FNDA:0,_ZN7testing7MessagelsIA18_cEERS0_RKT_
FNDA:0,_ZN7testing7MessagelsIS0_EERS0_RKT_
FNDA:0,_ZN7testing7MessagelsIA22_cEERS0_RKT_
FNDA:0,_ZN7testing7MessagelsIA47_cEERS0_RKT_
FNDA:0,_ZN7testing7MessagelsIA48_cEERS0_RKT_
FNDA:0,_ZN7testing7MessagelsIA68_cEERS0_RKT_
FNDA:11,_ZN7testing7MessagelsIlEERS0_RKT_
FNDA:14,_ZN7testing7MessagelsIiEERS0_RKT_
FNDA:0,_ZN7testing7MessagelsIA65_cEERS0_RKT_
FNDA:0,_ZN7testing7MessagelsINSt7__cxx1112basic_stringIcSt11char_traitsIcESaIcEEEEERS0_RKT_
FNDA:0,_ZN7testing7MessagelsIA63_cEERS0_RKT_
FNDA:0,_ZN7testing7MessagelsIA19_cEERS0_RKT_
FNDA:0,_ZN7testing7MessagelsIA93_cEERS0_RKT_
FNDA:0,_ZN7testing7MessagelsIA50_cEERS0_RKT_
FNDA:0,_ZN7testing7MessagelsIA6_cEERS0_RKT_
FNDA:0,_ZN7testing7MessagelsIA5_cEERS0_RKT_
FNDA:0,_ZN7testing7MessagelsIA13_cEERS0_RKT_
FNDA:0,_ZN7testing7MessagelsIA16_cEERS0_RKT_
FNDA:0,_ZN7testing7MessagelsIA12_cEERS0_RKT_
FNDA:0,_ZN7testing7MessagelsIA28_cEERS0_RKT_
FNDA:0,_ZN7testing7MessagelsIA60_cEERS0_RKT_
FNDA:0,_ZN7testing7MessagelsIA25_cEERS0_RKT_
FNDA:0,_ZN7testing7MessagelsIA27_cEERS0_RKT_
FNDA:42,_ZN7testing7MessagelsIKcEERS0_RKPT_
FNDA:0,_ZN7testing7MessagelsIA62_cEERS0_RKT_
FNDA:828,_ZN7testing7MessagelsIcEERS0_RKT_
FNDA:2,_ZN7testing8internal18StreamableToStringIPcEENSt7__cxx1112basic_stringIcSt11char_traitsIcESaIcEEERKT_
FNDA:0,_ZN7testing7MessagelsIA51_cEERS0_RKT_
FNDA:0,_ZN7testing8internal18StreamableToStringIPwEENSt7__cxx1112basic_stringIcSt11char_traitsIcESaIcEEERKT_
FNDA:0,_ZN7testing7MessagelsIA8_cEERS0_RKT_
FNDA:0,_ZN7testing7MessagelsIA9_cEERS0_RKT_
FNDA:0,_ZN7testing7MessagelsIA11_cEERS0_RKT_
FNDA:0,_ZN7testing7MessagelsIA2_cEERS0_RKT_
FNDA:0,_ZN7testing7MessagelsIA100_cEERS0_RKT_
FNDA:0,_ZN7testing7MessageC2ERKS0_
FNDA:0,_ZN7testing7MessagelsIA256_cEERS0_RKT_
FNDA:2,_ZN7testing7MessagelsIcEERS0_RKPT_
FNDA:0,_ZN7testing7MessagelsIA53_cEERS0_RKT_
FNDA:42,_ZN7testing7MessagelsIA7_cEERS0_RKT_
FNDA:0,_ZN7testing7MessagelsIA17_cEERS0_RKT_
FNDA:0,_ZN7testing7MessagelsIA52_cEERS0_RKT_
FNDA:0,_ZN7testing7MessagelsIA61_cEERS0_RKT_
FNDA:0,_ZN7testing7MessagelsIA106_cEERS0_RKT_
FNDA:0,_ZN7testing7MessagelsINS_14TestPartResultEEERS0_RKT_
FNF:66
FNH:9
DA:103,0
DA:104,0
DA:105,0
DA:114,895
DA:130,895
DA:131,895
DA:148,44
DA:149,44
DA:150,0
DA:152,44
DA:154,44
DA:198,0
DA:199,0
DA:209,27
DA:210,54
LF:15
LH:9
end_of_record
TN:
SF:/home/viktor/repos/automata/third_party/googletest/googletest/include/gtest/gtest-printers.h
FN:213,_ZN7testing8internal52internal_stream_operator_without_lexical_name_lookup13StreamPrinter10PrintValueIivRSoEEvRKT_PSo
FN:213,_ZN7testing8internal52internal_stream_operator_without_lexical_name_lookup13StreamPrinter10PrintValueImvRSoEEvRKT_PSo
FN:305,_ZN7testing8internal17PrintWithFallbackIiEEvRKT_PSo
FN:305,_ZN7testing8internal17PrintWithFallbackImEEvRKT_PSo
FN:332,_ZN7testing8internal19FormatForComparisonIbbE6FormatB5cxx11ERKb
FN:332,_ZN7testing8internal19FormatForComparisonIimE6FormatB5cxx11ERKi
FN:332,_ZN7testing8internal19FormatForComparisonImiE6FormatB5cxx11ERKm
FN:332,_ZN7testing8internal19FormatForComparisonINSt7__cxx1112basic_stringIcSt11char_traitsIcESaIcEEES7_E6FormatERKS7_
FN:412,_ZN7testing8internal33FormatForComparisonFailureMessageIimEENSt7__cxx1112basic_stringIcSt11char_traitsIcESaIcEEERKT_RKT0_
FN:412,_ZN7testing8internal33FormatForComparisonFailureMessageINSt7__cxx1112basic_stringIcSt11char_traitsIcESaIcEEES7_EES7_RKT_RKT0_
FN:412,_ZN7testing8internal33FormatForComparisonFailureMessageImiEENSt7__cxx1112basic_stringIcSt11char_traitsIcESaIcEEERKT_RKT0_
FN:412,_ZN7testing8internal33FormatForComparisonFailureMessageIbbEENSt7__cxx1112basic_stringIcSt11char_traitsIcESaIcEEERKT_RKT0_
FN:439,_ZN7testing8internal7PrintToImEEvRKT_PSo
FN:439,_ZN7testing8internal7PrintToIiEEvRKT_PSo
FN:458,_ZN7testing8internal7PrintToEbPSo
FN:554,_ZN7testing8internal7PrintToERKNSt7__cxx1112basic_stringIcSt11char_traitsIcESaIcEEEPSo
FN:581,_ZN7testing8internal7PrintToERKNSt7__cxx1112basic_stringIwSt11char_traitsIwESaIwEEEPSo
FN:693,_ZN7testing8internal16UniversalPrinterINSt7__cxx1112basic_stringIwSt11char_traitsIwESaIwEEEE5PrintERKS7_PSo
FN:693,_ZN7testing8internal16UniversalPrinterIiE5PrintERKiPSo
FN:693,_ZN7testing8internal16UniversalPrinterImE5PrintERKmPSo
FN:693,_ZN7testing8internal16UniversalPrinterINSt7__cxx1112basic_stringIcSt11char_traitsIcESaIcEEEE5PrintERKS7_PSo
FN:693,_ZN7testing8internal16UniversalPrinterIbE5PrintERKbPSo
FN:883,_ZN7testing8internal21UniversalTersePrinterIiE5PrintERKiPSo
FN:883,_ZN7testing8internal21UniversalTersePrinterImE5PrintERKmPSo
FN:883,_ZN7testing8internal21UniversalTersePrinterINSt7__cxx1112basic_stringIcSt11char_traitsIcESaIcEEEE5PrintERKS7_PSo
FN:883,_ZN7testing8internal21UniversalTersePrinterIbE5PrintERKbPSo
FN:904,_ZN7testing8internal21UniversalTersePrinterIPKcE5PrintES3_PSo
FN:967,_ZN7testing8internal21UniversalTersePrinterIPKwE5PrintES3_PSo
FN:995,_ZN7testing8internal14UniversalPrintIiEEvRKT_PSo
FN:995,_ZN7testing8internal14UniversalPrintINSt7__cxx1112basic_stringIwSt11char_traitsIwESaIwEEEEEvRKT_PSo
FN:995,_ZN7testing8internal14UniversalPrintImEEvRKT_PSo
FN:995,_ZN7testing8internal14UniversalPrintINSt7__cxx1112basic_stringIcSt11char_traitsIcESaIcEEEEEvRKT_PSo
FN:995,_ZN7testing8internal14UniversalPrintIbEEvRKT_PSo
FN:1035,_ZN7testing13PrintToStringINSt7__cxx1112basic_stringIcSt11char_traitsIcESaIcEEEEES6_RKT_
FN:1035,_ZN7testing13PrintToStringIiEENSt7__cxx1112basic_stringIcSt11char_traitsIcESaIcEEERKT_
FN:1035,_ZN7testing13PrintToStringImEENSt7__cxx1112basic_stringIcSt11char_traitsIcESaIcEEERKT_
FN:1035,_ZN7testing13PrintToStringIbEENSt7__cxx1112basic_stringIcSt11char_traitsIcESaIcEEERKT_
FN:1035,_ZN7testing13PrintToStringIPKwEENSt7__cxx1112basic_stringIcSt11char_traitsIcESaIcEEERKT_
FN:1035,_ZN7testing13PrintToStringIPKcEENSt7__cxx1112basic_stringIcSt11char_traitsIcESaIcEEERKT_
FNDA:0,_ZN7testing8internal52internal_stream_operator_without_lexical_name_lookup13StreamPrinter10PrintValueIivRSoEEvRKT_PSo
FNDA:0,_ZN7testing8internal21UniversalTersePrinterIPKcE5PrintES3_PSo
FNDA:0,_ZN7testing8internal16UniversalPrinterImE5PrintERKmPSo
FNDA:0,_ZN7testing8internal21UniversalTersePrinterIiE5PrintERKiPSo
FNDA:0,_ZN7testing8internal16UniversalPrinterINSt7__cxx1112basic_stringIwSt11char_traitsIwESaIwEEEE5PrintERKS7_PSo
FNDA:0,_ZN7testing13PrintToStringIiEENSt7__cxx1112basic_stringIcSt11char_traitsIcESaIcEEERKT_
FNDA:0,_ZN7testing8internal16UniversalPrinterIiE5PrintERKiPSo
FNDA:0,_ZN7testing8internal17PrintWithFallbackIiEEvRKT_PSo
FNDA:0,_ZN7testing8internal7PrintToERKNSt7__cxx1112basic_stringIcSt11char_traitsIcESaIcEEEPSo
FNDA:0,_ZN7testing8internal14UniversalPrintINSt7__cxx1112basic_stringIwSt11char_traitsIwESaIwEEEEEvRKT_PSo
FNDA:0,_ZN7testing8internal19FormatForComparisonIimE6FormatB5cxx11ERKi
FNDA:0,_ZN7testing8internal21UniversalTersePrinterIPKwE5PrintES3_PSo
FNDA:0,_ZN7testing13PrintToStringINSt7__cxx1112basic_stringIcSt11char_traitsIcESaIcEEEEES6_RKT_
FNDA:0,_ZN7testing8internal19FormatForComparisonIbbE6FormatB5cxx11ERKb
FNDA:0,_ZN7testing8internal14UniversalPrintIiEEvRKT_PSo
FNDA:0,_ZN7testing8internal7PrintToImEEvRKT_PSo
FNDA:0,_ZN7testing8internal19FormatForComparisonImiE6FormatB5cxx11ERKm
FNDA:0,_ZN7testing8internal19FormatForComparisonINSt7__cxx1112basic_stringIcSt11char_traitsIcESaIcEEES7_E6FormatERKS7_
FNDA:0,_ZN7testing8internal16UniversalPrinterIbE5PrintERKbPSo
FNDA:0,_ZN7testing8internal21UniversalTersePrinterIbE5PrintERKbPSo
FNDA:0,_ZN7testing8internal52internal_stream_operator_without_lexical_name_lookup13StreamPrinter10PrintValueImvRSoEEvRKT_PSo
FNDA:0,_ZN7testing13PrintToStringImEENSt7__cxx1112basic_stringIcSt11char_traitsIcESaIcEEERKT_
FNDA:0,_ZN7testing8internal17PrintWithFallbackImEEvRKT_PSo
FNDA:0,_ZN7testing8internal16UniversalPrinterINSt7__cxx1112basic_stringIcSt11char_traitsIcESaIcEEEE5PrintERKS7_PSo
FNDA:0,_ZN7testing8internal21UniversalTersePrinterImE5PrintERKmPSo
FNDA:0,_ZN7testing8internal21UniversalTersePrinterINSt7__cxx1112basic_stringIcSt11char_traitsIcESaIcEEEE5PrintERKS7_PSo
FNDA:0,_ZN7testing13PrintToStringIbEENSt7__cxx1112basic_stringIcSt11char_traitsIcESaIcEEERKT_
FNDA:0,_ZN7testing13PrintToStringIPKwEENSt7__cxx1112basic_stringIcSt11char_traitsIcESaIcEEERKT_
FNDA:0,_ZN7testing8internal14UniversalPrintImEEvRKT_PSo
FNDA:0,_ZN7testing8internal33FormatForComparisonFailureMessageIimEENSt7__cxx1112basic_stringIcSt11char_traitsIcESaIcEEERKT_RKT0_
FNDA:0,_ZN7testing8internal7PrintToIiEEvRKT_PSo
FNDA:0,_ZN7testing8internal33FormatForComparisonFailureMessageINSt7__cxx1112basic_stringIcSt11char_traitsIcESaIcEEES7_EES7_RKT_RKT0_
FNDA:0,_ZN7testing8internal7PrintToEbPSo
FNDA:0,_ZN7testing8internal7PrintToERKNSt7__cxx1112basic_stringIwSt11char_traitsIwESaIwEEEPSo
FNDA:0,_ZN7testing13PrintToStringIPKcEENSt7__cxx1112basic_stringIcSt11char_traitsIcESaIcEEERKT_
FNDA:0,_ZN7testing8internal33FormatForComparisonFailureMessageIbbEENSt7__cxx1112basic_stringIcSt11char_traitsIcESaIcEEERKT_RKT0_
FNDA:0,_ZN7testing8internal14UniversalPrintIbEEvRKT_PSo
FNDA:0,_ZN7testing8internal33FormatForComparisonFailureMessageImiEENSt7__cxx1112basic_stringIcSt11char_traitsIcESaIcEEERKT_RKT0_
FNDA:0,_ZN7testing8internal14UniversalPrintINSt7__cxx1112basic_stringIcSt11char_traitsIcESaIcEEEEEvRKT_PSo
FNF:39
FNH:0
DA:213,0
DA:216,0
DA:217,0
DA:305,0
DA:311,0
DA:312,0
DA:332,0
DA:333,0
DA:412,0
DA:414,0
DA:439,0
DA:440,0
DA:441,0
DA:458,0
DA:459,0
DA:460,0
DA:554,0
DA:555,0
DA:556,0
DA:581,0
DA:582,0
DA:583,0
DA:693,0
DA:702,0
DA:703,0
DA:883,0
DA:884,0
DA:885,0
DA:904,0
DA:905,0
DA:906,0
DA:908,0
DA:910,0
DA:967,0
DA:968,0
DA:969,0
DA:971,0
DA:973,0
DA:995,0
DA:999,0
DA:1000,0
DA:1035,0
DA:1036,0
DA:1037,0
DA:1038,0
LF:45
LH:0
end_of_record
TN:
SF:/home/viktor/repos/automata/third_party/googletest/googletest/include/gtest/gtest-test-part.h
FN:66,_ZN7testing14TestPartResultC2ENS0_4TypeEPKciS3_
FN:75,_ZNK7testing14TestPartResult4typeEv
FN:79,_ZNK7testing14TestPartResult9file_nameEv
FN:85,_ZNK7testing14TestPartResult11line_numberEv
FN:88,_ZNK7testing14TestPartResult7summaryEv
FN:91,_ZNK7testing14TestPartResult7messageEv
FN:94,_ZNK7testing14TestPartResult7skippedEv
FN:100,_ZNK7testing14TestPartResult17nonfatally_failedEv
FN:103,_ZNK7testing14TestPartResult14fatally_failedEv
FN:106,_ZNK7testing14TestPartResult6failedEv
FN:155,_ZN7testing31TestPartResultReporterInterfaceD0Ev
FN:155,_ZN7testing31TestPartResultReporterInterfaceD2Ev
FNDA:0,_ZNK7testing14TestPartResult11line_numberEv
FNDA:0,_ZNK7testing14TestPartResult7skippedEv
FNDA:0,_ZNK7testing14TestPartResult7messageEv
FNDA:4,_ZN7testing31TestPartResultReporterInterfaceD2Ev
FNDA:0,_ZNK7testing14TestPartResult17nonfatally_failedEv
FNDA:0,_ZNK7testing14TestPartResult7summaryEv
FNDA:0,_ZNK7testing14TestPartResult6failedEv
FNDA:0,_ZN7testing14TestPartResultC2ENS0_4TypeEPKciS3_
FNDA:0,_ZNK7testing14TestPartResult9file_nameEv
FNDA:0,_ZNK7testing14TestPartResult4typeEv
FNDA:0,_ZN7testing31TestPartResultReporterInterfaceD0Ev
FNDA:0,_ZNK7testing14TestPartResult14fatally_failedEv
FNF:12
FNH:1
DA:66,0
DA:68,0
DA:72,0
DA:75,0
DA:79,0
DA:80,0
DA:85,0
DA:88,0
DA:91,0
DA:94,0
DA:100,0
DA:103,0
DA:106,0
DA:155,4
LF:14
LH:1
end_of_record
TN:
SF:/home/viktor/repos/automata/third_party/googletest/googletest/include/gtest/gtest.h
FN:255,_ZN7testing4Test14SetUpTestSuiteEv
FN:263,_ZN7testing4Test17TearDownTestSuiteEv
FN:268,_ZN7testing4Test16TearDownTestCaseEv
FN:269,_ZN7testing4Test13SetUpTestCaseEv
FN:329,_ZN7testing4Test11DeleteSelf_Ev
FN:350,_ZN7testing4Test5SetupEv
FN:368,_ZN7testing12TestPropertyC2ERKNSt7__cxx1112basic_stringIcSt11char_traitsIcESaIcEEES8_
FN:372,_ZNK7testing12TestProperty3keyEv
FN:375,_ZNK7testing12TestProperty5valueEv
FN:378,_ZN7testing12TestProperty8SetValueERKNSt7__cxx1112basic_stringIcSt11char_traitsIcESaIcEEE
FN:409,_ZNK7testing10TestResult6PassedEv
FN:424,_ZNK7testing10TestResult12elapsed_timeEv
FN:428,_ZNK7testing10TestResult15start_timestampEv
FN:461,_ZN7testing10TestResult19set_start_timestampEl
FN:464,_ZN7testing10TestResult16set_elapsed_timeEl
FN:485,_ZNK7testing10TestResult16death_test_countEv
FN:488,_ZN7testing10TestResult26increment_death_test_countEv
FN:534,_ZNK7testing8TestInfo15test_suite_nameEv
FN:542,_ZNK7testing8TestInfo4nameEv
FN:546,_ZNK7testing8TestInfo10type_paramEv
FN:553,_ZNK7testing8TestInfo11value_paramEv
FN:559,_ZNK7testing8TestInfo4fileEv
FN:562,_ZNK7testing8TestInfo4lineEv
FN:565,_ZNK7testing8TestInfo19is_in_another_shardEv
FN:583,_ZNK7testing8TestInfo10should_runEv
FN:586,_ZNK7testing8TestInfo13is_reportableEv
FN:593,_ZNK7testing8TestInfo6resultEv
FN:621,_ZN7testing8TestInfo26increment_death_test_countEv
FN:632,_ZN7testing8TestInfo15ClearTestResultEPS0_
FN:688,_ZNK7testing9TestSuite4nameEv
FN:692,_ZNK7testing9TestSuite10type_paramEv
FN:698,_ZNK7testing9TestSuite10should_runEv
FN:725,_ZNK7testing9TestSuite6PassedEv
FN:728,_ZNK7testing9TestSuite6FailedEv
FN:733,_ZNK7testing9TestSuite12elapsed_timeEv
FN:737,_ZNK7testing9TestSuite15start_timestampEv
FN:745,_ZNK7testing9TestSuite18ad_hoc_test_resultEv
FN:752,_ZN7testing9TestSuite14test_info_listEv
FN:755,_ZNK7testing9TestSuite14test_info_listEv
FN:764,_ZN7testing9TestSuite14set_should_runEb
FN:774,_ZN7testing9TestSuite20ClearTestSuiteResultEPS0_
FN:786,_ZN7testing9TestSuite17RunSetUpTestSuiteEv
FN:794,_ZN7testing9TestSuite20RunTearDownTestSuiteEv
FN:801,_ZN7testing9TestSuite10TestPassedEPKNS_8TestInfoE
FN:806,_ZN7testing9TestSuite11TestSkippedEPKNS_8TestInfoE
FN:811,_ZN7testing9TestSuite10TestFailedEPKNS_8TestInfoE
FN:817,_ZN7testing9TestSuite22TestReportableDisabledEPKNS_8TestInfoE
FN:822,_ZN7testing9TestSuite12TestDisabledEPKNS_8TestInfoE
FN:827,_ZN7testing9TestSuite14TestReportableEPKNS_8TestInfoE
FN:832,_ZN7testing9TestSuite13ShouldRunTestEPKNS_8TestInfoE
FN:921,_ZN7testing17TestEventListenerD0Ev
FN:921,_ZN7testing17TestEventListenerD2Ev
FN:939,_ZN7testing17TestEventListener16OnTestSuiteStartERKNS_9TestSuiteE
FN:943,_ZN7testing17TestEventListener15OnTestCaseStartERKNS_9TestSuiteE
FN:950,_ZN7testing17TestEventListener14OnTestDisabledERKNS_8TestInfoE
FN:961,_ZN7testing17TestEventListener14OnTestSuiteEndERKNS_9TestSuiteE
FN:965,_ZN7testing17TestEventListener13OnTestCaseEndERKNS_9TestSuiteE
FN:988,_ZN7testing22EmptyTestEventListener18OnTestProgramStartERKNS_8UnitTestE
FN:989,_ZN7testing22EmptyTestEventListener20OnTestIterationStartERKNS_8UnitTestEi
FN:991,_ZN7testing22EmptyTestEventListener24OnEnvironmentsSetUpStartERKNS_8UnitTestE
FN:992,_ZN7testing22EmptyTestEventListener22OnEnvironmentsSetUpEndERKNS_8UnitTestE
FN:993,_ZN7testing22EmptyTestEventListener16OnTestSuiteStartERKNS_9TestSuiteE
FN:996,_ZN7testing22EmptyTestEventListener15OnTestCaseStartERKNS_9TestSuiteE
FN:999,_ZN7testing22EmptyTestEventListener11OnTestStartERKNS_8TestInfoE
FN:1000,_ZN7testing22EmptyTestEventListener14OnTestDisabledERKNS_8TestInfoE
FN:1001,_ZN7testing22EmptyTestEventListener16OnTestPartResultERKNS_14TestPartResultE
FN:1002,_ZN7testing22EmptyTestEventListener9OnTestEndERKNS_8TestInfoE
FN:1003,_ZN7testing22EmptyTestEventListener14OnTestSuiteEndERKNS_9TestSuiteE
FN:1005,_ZN7testing22EmptyTestEventListener13OnTestCaseEndERKNS_9TestSuiteE
FN:1008,_ZN7testing22EmptyTestEventListener27OnEnvironmentsTearDownStartERKNS_8UnitTestE
FN:1009,_ZN7testing22EmptyTestEventListener25OnEnvironmentsTearDownEndERKNS_8UnitTestE
FN:1010,_ZN7testing22EmptyTestEventListener18OnTestIterationEndERKNS_8UnitTestEi
FN:1012,_ZN7testing22EmptyTestEventListener16OnTestProgramEndERKNS_8UnitTestE
FN:1257,_ZN7testing8UnitTest4implEv
FN:1258,_ZNK7testing8UnitTest4implEv
FN:1349,_ZN7testing8internal18CmpHelperEQFailureIbbEENS_15AssertionResultEPKcS4_RKT_RKT0_
FN:1349,_ZN7testing8internal18CmpHelperEQFailureIimEENS_15AssertionResultEPKcS4_RKT_RKT0_
FN:1349,_ZN7testing8internal18CmpHelperEQFailureINSt7__cxx1112basic_stringIcSt11char_traitsIcESaIcEEES7_EENS_15AssertionResultEPKcSA_RKT_RKT0_
FN:1349,_ZN7testing8internal18CmpHelperEQFailureImiEENS_15AssertionResultEPKcS4_RKT_RKT0_
FN:1366,_ZN7testing8internal11CmpHelperEQINSt7__cxx1112basic_stringIcSt11char_traitsIcESaIcEEES7_EENS_15AssertionResultEPKcSA_RKT_RKT0_
FN:1366,_ZN7testing8internal11CmpHelperEQIimEENS_15AssertionResultEPKcS4_RKT_RKT0_
FN:1366,_ZN7testing8internal11CmpHelperEQIbbEENS_15AssertionResultEPKcS4_RKT_RKT0_
FN:1366,_ZN7testing8internal11CmpHelperEQImiEENS_15AssertionResultEPKcS4_RKT_RKT0_
FN:1385,_ZN7testing8internal8EqHelper7CompareINSt7__cxx1112basic_stringIcSt11char_traitsIcESaIcEEES8_LPv0EEENS_15AssertionResultEPKcSC_RKT_RKT0_
FN:1385,_ZN7testing8internal8EqHelper7CompareIimLPv0EEENS_15AssertionResultEPKcS6_RKT_RKT0_
FN:1385,_ZN7testing8internal8EqHelper7CompareIbbLPv0EEENS_15AssertionResultEPKcS6_RKT_RKT0_
FN:1385,_ZN7testing8internal8EqHelper7CompareImiLPv0EEENS_15AssertionResultEPKcS6_RKT_RKT0_
FN:1607,_ZN7testing8internal12AssertHelper16AssertHelperDataC2ENS_14TestPartResult4TypeEPKciS6_
FN:2270,_ZN7testing12RegisterTestIJEZNS_8internal23InsertSyntheticTestCaseERKNSt7__cxx1112basic_stringIcSt11char_traitsIcESaIcEEENS1_12CodeLocationEbEUlvE_EEPNS_8TestInfoEPKcSF_SF_SF_SF_iT0_
FN:2270,_ZN7testing12RegisterTestIJEZNS_8internal34TypeParameterizedTestSuiteRegistry22CheckForInstantiationsEvEUlvE_EEPNS_8TestInfoEPKcS7_S7_S7_S7_iT0_
FN:2277,_ZZN7testing12RegisterTestIJEZNS_8internal34TypeParameterizedTestSuiteRegistry22CheckForInstantiationsEvEUlvE_EEPNS_8TestInfoEPKcS7_S7_S7_S7_iT0_EN11FactoryImplC2ES3_
FN:2277,_ZZN7testing12RegisterTestIJEZNS_8internal23InsertSyntheticTestCaseERKNSt7__cxx1112basic_stringIcSt11char_traitsIcESaIcEEENS1_12CodeLocationEbEUlvE_EEPNS_8TestInfoEPKcSF_SF_SF_SF_iT0_EN11FactoryImplC2ESB_
FN:2278,_ZZN7testing12RegisterTestIJEZNS_8internal34TypeParameterizedTestSuiteRegistry22CheckForInstantiationsEvEUlvE_EEPNS_8TestInfoEPKcS7_S7_S7_S7_iT0_EN11FactoryImpl10CreateTestEv
FN:2278,_ZZN7testing12RegisterTestIJEZNS_8internal23InsertSyntheticTestCaseERKNSt7__cxx1112basic_stringIcSt11char_traitsIcESaIcEEENS1_12CodeLocationEbEUlvE_EEPNS_8TestInfoEPKcSF_SF_SF_SF_iT0_EN11FactoryImpl10CreateTestEv
FN:2304,_Z13RUN_ALL_TESTSv
FNDA:7,_ZN7testing9TestSuite22TestReportableDisabledEPKNS_8TestInfoE
FNDA:29,_ZN7testing8internal8EqHelper7CompareINSt7__cxx1112basic_stringIcSt11char_traitsIcESaIcEEES8_LPv0EEENS_15AssertionResultEPKcSC_RKT_RKT0_
FNDA:0,_ZN7testing22EmptyTestEventListener24OnEnvironmentsSetUpStartERKNS_8UnitTestE
FNDA:0,_ZN7testing12RegisterTestIJEZNS_8internal23InsertSyntheticTestCaseERKNSt7__cxx1112basic_stringIcSt11char_traitsIcESaIcEEENS1_12CodeLocationEbEUlvE_EEPNS_8TestInfoEPKcSF_SF_SF_SF_iT0_
FNDA:0,_ZN7testing4Test5SetupEv
FNDA:0,_ZN7testing8internal18CmpHelperEQFailureIbbEENS_15AssertionResultEPKcS4_RKT_RKT0_
FNDA:6,_ZNK7testing9TestSuite18ad_hoc_test_resultEv
FNDA:7,_ZN7testing9TestSuite11TestSkippedEPKNS_8TestInfoE
FNDA:7,_ZNK7testing10TestResult12elapsed_timeEv
FNDA:0,_ZZN7testing12RegisterTestIJEZNS_8internal34TypeParameterizedTestSuiteRegistry22CheckForInstantiationsEvEUlvE_EEPNS_8TestInfoEPKcS7_S7_S7_S7_iT0_EN11FactoryImplC2ES3_
FNDA:49,_ZNK7testing8TestInfo6resultEv
FNDA:0,_ZN7testing17TestEventListener15OnTestCaseStartERKNS_9TestSuiteE
FNDA:56,_ZNK7testing8TestInfo10should_runEv
FNDA:0,_ZN7testing22EmptyTestEventListener9OnTestEndERKNS_8TestInfoE
FNDA:0,_ZN7testing17TestEventListenerD0Ev
FNDA:2,_Z13RUN_ALL_TESTSv
FNDA:0,_ZN7testing22EmptyTestEventListener13OnTestCaseEndERKNS_9TestSuiteE
FNDA:0,_ZNK7testing8TestInfo4fileEv
FNDA:0,_ZZN7testing12RegisterTestIJEZNS_8internal34TypeParameterizedTestSuiteRegistry22CheckForInstantiationsEvEUlvE_EEPNS_8TestInfoEPKcS7_S7_S7_S7_iT0_EN11FactoryImpl10CreateTestEv
FNDA:0,_ZN7testing22EmptyTestEventListener16OnTestProgramEndERKNS_8UnitTestE
FNDA:11,_ZNK7testing9TestSuite4nameEv
FNDA:0,_ZN7testing17TestEventListener13OnTestCaseEndERKNS_9TestSuiteE
FNDA:0,_ZNK7testing12TestProperty3keyEv
FNDA:0,_ZN7testing22EmptyTestEventListener22OnEnvironmentsSetUpEndERKNS_8UnitTestE
FNDA:14,_ZN7testing9TestSuite10TestFailedEPKNS_8TestInfoE
FNDA:9,_ZN7testing9TestSuite14set_should_runEb
FNDA:0,_ZN7testing22EmptyTestEventListener27OnEnvironmentsTearDownStartERKNS_8UnitTestE
FNDA:7,_ZN7testing4Test11DeleteSelf_Ev
FNDA:2,_ZNK7testing9TestSuite12elapsed_timeEv
FNDA:4,_ZN7testing17TestEventListenerD2Ev
FNDA:0,_ZN7testing22EmptyTestEventListener16OnTestSuiteStartERKNS_9TestSuiteE
FNDA:2,_ZN7testing17TestEventListener16OnTestSuiteStartERKNS_9TestSuiteE
FNDA:0,_ZN7testing8internal18CmpHelperEQFailureIimEENS_15AssertionResultEPKcS4_RKT_RKT0_
FNDA:0,_ZN7testing22EmptyTestEventListener16OnTestPartResultERKNS_14TestPartResultE
FNDA:0,_ZN7testing22EmptyTestEventListener18OnTestProgramStartERKNS_8UnitTestE
FNDA:0,_ZN7testing12RegisterTestIJEZNS_8internal34TypeParameterizedTestSuiteRegistry22CheckForInstantiationsEvEUlvE_EEPNS_8TestInfoEPKcS7_S7_S7_S7_iT0_
FNDA:0,_ZNK7testing8TestInfo11value_paramEv
FNDA:29,_ZN7testing8internal11CmpHelperEQINSt7__cxx1112basic_stringIcSt11char_traitsIcESaIcEEES7_EENS_15AssertionResultEPKcSA_RKT_RKT0_
FNDA:7,_ZNK7testing9TestSuite14test_info_listEv
FNDA:14,_ZNK7testing10TestResult6PassedEv
FNDA:2,_ZN7testing9TestSuite20ClearTestSuiteResultEPS0_
FNDA:7,_ZNK7testing8TestInfo13is_reportableEv
FNDA:0,_ZN7testing4Test17TearDownTestSuiteEv
FNDA:0,_ZN7testing9TestSuite14TestReportableEPKNS_8TestInfoE
FNDA:2,_ZN7testing8internal8EqHelper7CompareIimLPv0EEENS_15AssertionResultEPKcS6_RKT_RKT0_
FNDA:0,_ZNK7testing9TestSuite6PassedEv
FNDA:0,_ZN7testing8internal12AssertHelper16AssertHelperDataC2ENS_14TestPartResult4TypeEPKciS6_
FNDA:0,_ZN7testing12TestPropertyC2ERKNSt7__cxx1112basic_stringIcSt11char_traitsIcESaIcEEES8_
FNDA:21,_ZN7testing8internal11CmpHelperEQIbbEENS_15AssertionResultEPKcS4_RKT_RKT0_
FNDA:7,_ZNK7testing8TestInfo10type_paramEv
FNDA:0,_ZN7testing12TestProperty8SetValueERKNSt7__cxx1112basic_stringIcSt11char_traitsIcESaIcEEE
FNDA:0,_ZNK7testing12TestProperty5valueEv
FNDA:0,_ZN7testing8internal18CmpHelperEQFailureINSt7__cxx1112basic_stringIcSt11char_traitsIcESaIcEEES7_EENS_15AssertionResultEPKcSA_RKT_RKT0_
FNDA:2,_ZN7testing8internal11CmpHelperEQIimEENS_15AssertionResultEPKcS4_RKT_RKT0_
FNDA:0,_ZN7testing22EmptyTestEventListener14OnTestSuiteEndERKNS_9TestSuiteE
FNDA:2,_ZN7testing9TestSuite20RunTearDownTestSuiteEv
FNDA:0,_ZN7testing22EmptyTestEventListener11OnTestStartERKNS_8TestInfoE
FNDA:2,_ZN7testing17TestEventListener14OnTestSuiteEndERKNS_9TestSuiteE
FNDA:28,_ZN7testing9TestSuite13ShouldRunTestEPKNS_8TestInfoE
FNDA:16,_ZN7testing9TestSuite14test_info_listEv
FNDA:5,_ZN7testing8internal11CmpHelperEQImiEENS_15AssertionResultEPKcS4_RKT_RKT0_
FNDA:35,_ZNK7testing8TestInfo4nameEv
FNDA:0,_ZN7testing8TestInfo26increment_death_test_countEv
FNDA:0,_ZN7testing10TestResult26increment_death_test_countEv
FNDA:21,_ZNK7testing8TestInfo15test_suite_nameEv
FNDA:15,_ZNK7testing9TestSuite10should_runEv
FNDA:4,_ZNK7testing9TestSuite6FailedEv
FNDA:0,_ZN7testing22EmptyTestEventListener14OnTestDisabledERKNS_8TestInfoE
FNDA:0,_ZN7testing22EmptyTestEventListener18OnTestIterationEndERKNS_8UnitTestEi
FNDA:0,_ZN7testing8internal18CmpHelperEQFailureImiEENS_15AssertionResultEPKcS4_RKT_RKT0_
FNDA:0,_ZNK7testing9TestSuite15start_timestampEv
FNDA:120,_ZN7testing8UnitTest4implEv
FNDA:0,_ZN7testing9TestSuite12TestDisabledEPKNS_8TestInfoE
FNDA:0,_ZN7testing4Test14SetUpTestSuiteEv
FNDA:7,_ZN7testing9TestSuite10TestPassedEPKNS_8TestInfoE
FNDA:0,_ZN7testing22EmptyTestEventListener20OnTestIterationStartERKNS_8UnitTestEi
FNDA:0,_ZZN7testing12RegisterTestIJEZNS_8internal23InsertSyntheticTestCaseERKNSt7__cxx1112basic_stringIcSt11char_traitsIcESaIcEEENS1_12CodeLocationEbEUlvE_EEPNS_8TestInfoEPKcSF_SF_SF_SF_iT0_EN11FactoryImpl10CreateTestEv
FNDA:0,_ZN7testing17TestEventListener14OnTestDisabledERKNS_8TestInfoE
FNDA:0,_ZNK7testing8TestInfo19is_in_another_shardEv
FNDA:21,_ZN7testing8internal8EqHelper7CompareIbbLPv0EEENS_15AssertionResultEPKcS6_RKT_RKT0_
FNDA:2,_ZNK7testing9TestSuite10type_paramEv
FNDA:0,_ZN7testing22EmptyTestEventListener25OnEnvironmentsTearDownEndERKNS_8UnitTestE
FNDA:7,_ZN7testing10TestResult16set_elapsed_timeEl
FNDA:2,_ZN7testing9TestSuite17RunSetUpTestSuiteEv
FNDA:7,_ZN7testing8TestInfo15ClearTestResultEPS0_
FNDA:0,_ZZN7testing12RegisterTestIJEZNS_8internal23InsertSyntheticTestCaseERKNSt7__cxx1112basic_stringIcSt11char_traitsIcESaIcEEENS1_12CodeLocationEbEUlvE_EEPNS_8TestInfoEPKcSF_SF_SF_SF_iT0_EN11FactoryImplC2ESB_
FNDA:0,_ZN7testing4Test16TearDownTestCaseEv
FNDA:18,_ZNK7testing8UnitTest4implEv
FNDA:0,_ZNK7testing10TestResult16death_test_countEv
FNDA:7,_ZN7testing10TestResult19set_start_timestampEl
FNDA:0,_ZN7testing4Test13SetUpTestCaseEv
FNDA:0,_ZNK7testing10TestResult15start_timestampEv
FNDA:5,_ZN7testing8internal8EqHelper7CompareImiLPv0EEENS_15AssertionResultEPKcS6_RKT_RKT0_
FNDA:0,_ZN7testing22EmptyTestEventListener15OnTestCaseStartERKNS_9TestSuiteE
FNDA:0,_ZNK7testing8TestInfo4lineEv
FNF:95
FNH:43
DA:255,0
DA:263,0
DA:268,0
DA:269,0
DA:329,7
DA:350,0
DA:368,0
DA:369,0
DA:372,0
DA:375,0
DA:378,0
DA:409,14
DA:424,7
DA:428,0
DA:461,7
DA:464,7
DA:485,0
DA:488,0
DA:534,21
DA:542,35
DA:546,7
DA:547,7
DA:548,7
DA:553,0
DA:554,0
DA:555,0
DA:559,0
DA:562,0
DA:565,0
DA:583,56
DA:586,7
DA:589,7
DA:593,49
DA:621,0
DA:622,0
DA:632,7
DA:633,7
DA:634,7
DA:688,11
DA:692,2
DA:693,2
DA:694,2
DA:698,15
DA:725,0
DA:728,4
DA:729,4
DA:733,2
DA:737,0
DA:745,6
DA:752,16
DA:755,7
DA:756,7
DA:764,9
DA:774,2
DA:775,2
DA:776,2
DA:786,2
DA:787,2
DA:788,0
DA:790,2
DA:794,2
DA:795,2
DA:796,0
DA:798,2
DA:801,7
DA:802,7
DA:806,7
DA:807,7
DA:811,14
DA:812,14
DA:817,7
DA:818,7
DA:822,0
DA:823,0
DA:827,0
DA:828,0
DA:832,28
DA:833,28
DA:921,4
DA:939,2
DA:943,0
DA:950,0
DA:961,2
DA:965,0
DA:988,0
DA:989,0
DA:990,0
DA:991,0
DA:992,0
DA:993,0
DA:996,0
DA:999,0
DA:1000,0
DA:1001,0
DA:1002,0
DA:1003,0
DA:1005,0
DA:1008,0
DA:1009,0
DA:1010,0
DA:1011,0
DA:1012,0
DA:1257,120
DA:1258,18
DA:1349,0
DA:1354,0
DA:1366,57
DA:1369,57
DA:1370,57
DA:1373,0
DA:1385,57
DA:1388,57
DA:1607,0
DA:1609,0
DA:2270,0
DA:2277,0
DA:2278,0
DA:2284,0
DA:2289,0
DA:2304,2
LF:120
LH:60
end_of_record
TN:
SF:/home/viktor/repos/automata/third_party/googletest/googletest/include/gtest/internal/gtest-death-test-internal.h
FN:90,_ZN7testing8internal9DeathTestD0Ev
FN:90,_ZN7testing8internal9DeathTestD2Ev
FN:155,_ZN7testing8internal16DeathTestFactoryD2Ev
FN:155,_ZN7testing8internal16DeathTestFactoryD0Ev
FN:273,_ZN7testing8internal24InternalRunDeathTestFlagC2ERKNSt7__cxx1112basic_stringIcSt11char_traitsIcESaIcEEEiii
FN:277,_ZN7testing8internal24InternalRunDeathTestFlagD2Ev
FN:281,_ZNK7testing8internal24InternalRunDeathTestFlag4fileB5cxx11Ev
FN:282,_ZNK7testing8internal24InternalRunDeathTestFlag4lineEv
FN:283,_ZNK7testing8internal24InternalRunDeathTestFlag5indexEv
FN:284,_ZNK7testing8internal24InternalRunDeathTestFlag8write_fdEv
FNDA:2,_ZN7testing8internal16DeathTestFactoryD2Ev
FNDA:0,_ZNK7testing8internal24InternalRunDeathTestFlag4fileB5cxx11Ev
FNDA:0,_ZNK7testing8internal24InternalRunDeathTestFlag4lineEv
FNDA:0,_ZNK7testing8internal24InternalRunDeathTestFlag8write_fdEv
FNDA:0,_ZN7testing8internal9DeathTestD2Ev
FNDA:0,_ZN7testing8internal16DeathTestFactoryD0Ev
FNDA:0,_ZNK7testing8internal24InternalRunDeathTestFlag5indexEv
FNDA:0,_ZN7testing8internal24InternalRunDeathTestFlagD2Ev
FNDA:0,_ZN7testing8internal9DeathTestD0Ev
FNDA:0,_ZN7testing8internal24InternalRunDeathTestFlagC2ERKNSt7__cxx1112basic_stringIcSt11char_traitsIcESaIcEEEiii
FNF:10
FNH:1
DA:90,0
DA:155,2
DA:273,0
DA:275,0
DA:277,0
DA:278,0
DA:279,0
DA:281,0
DA:282,0
DA:283,0
DA:284,0
LF:11
LH:1
end_of_record
TN:
SF:/home/viktor/repos/automata/third_party/googletest/googletest/include/gtest/internal/gtest-filepath.h
FN:66,_ZN7testing8internal8FilePathC2Ev
FN:67,_ZN7testing8internal8FilePathC2ERKS1_
FN:69,_ZN7testing8internal8FilePathC2ERKNSt7__cxx1112basic_stringIcSt11char_traitsIcESaIcEEE
FN:73,_ZN7testing8internal8FilePathaSERKS1_
FN:78,_ZN7testing8internal8FilePath3SetERKS1_
FN:80,_ZNK7testing8internal8FilePath6stringB5cxx11Ev
FN:81,_ZNK7testing8internal8FilePath5c_strEv
FN:113,_ZNK7testing8internal8FilePath7IsEmptyEv
FNDA:9,_ZNK7testing8internal8FilePath7IsEmptyEv
FNDA:0,_ZN7testing8internal8FilePathaSERKS1_
FNDA:2,_ZN7testing8internal8FilePathC2Ev
FNDA:0,_ZNK7testing8internal8FilePath6stringB5cxx11Ev
FNDA:2,_ZN7testing8internal8FilePathC2ERKNSt7__cxx1112basic_stringIcSt11char_traitsIcESaIcEEE
FNDA:0,_ZN7testing8internal8FilePathC2ERKS1_
FNDA:2,_ZN7testing8internal8FilePath3SetERKS1_
FNDA:0,_ZNK7testing8internal8FilePath5c_strEv
FNF:8
FNH:4
DA:66,2
DA:67,0
DA:69,2
DA:70,2
DA:71,2
DA:73,0
DA:74,0
DA:75,0
DA:78,2
DA:80,0
DA:81,0
DA:113,9
LF:12
LH:6
end_of_record
TN:
SF:/home/viktor/repos/automata/third_party/googletest/googletest/include/gtest/internal/gtest-internal.h
FN:293,_ZN7testing8internal13FloatingPointIfEC2ERKf
FN:293,_ZN7testing8internal13FloatingPointIdEC2ERKd
FN:318,_ZNK7testing8internal13FloatingPointIdE13exponent_bitsEv
FN:318,_ZNK7testing8internal13FloatingPointIfE13exponent_bitsEv
FN:321,_ZNK7testing8internal13FloatingPointIfE13fraction_bitsEv
FN:321,_ZNK7testing8internal13FloatingPointIdE13fraction_bitsEv
FN:327,_ZNK7testing8internal13FloatingPointIdE6is_nanEv
FN:327,_ZNK7testing8internal13FloatingPointIfE6is_nanEv
FN:339,_ZNK7testing8internal13FloatingPointIfE12AlmostEqualsERKS2_
FN:339,_ZNK7testing8internal13FloatingPointIdE12AlmostEqualsERKS2_
FN:370,_ZN7testing8internal13FloatingPointIfE24SignAndMagnitudeToBiasedERKj
FN:370,_ZN7testing8internal13FloatingPointIdE24SignAndMagnitudeToBiasedERKm
FN:382,_ZN7testing8internal13FloatingPointIfE38DistanceBetweenSignAndMagnitudeNumbersERKjS4_
FN:382,_ZN7testing8internal13FloatingPointIdE38DistanceBetweenSignAndMagnitudeNumbersERKmS4_
FN:432,_ZN7testing8internal9GetTypeIdINS_4TestEEEPKvv
FN:432,_ZN7testing8internal9GetTypeIdINS0_12_GLOBAL__N_111FailureTestEEEPKvv
FN:451,_ZN7testing8internal15TestFactoryBaseD0Ev
FN:451,_ZN7testing8internal15TestFactoryBaseD2Ev
FN:458,_ZN7testing8internal15TestFactoryBaseC2Ev
FN:470,_ZN7testing8internal15TestFactoryImplI34Construction_advanced_oneline_TestE10CreateTestEv
FN:470,_ZN7testing8internal15TestFactoryImplI34Construction_simple_terminals_TestE10CreateTestEv
FN:470,_ZN7testing8internal15TestFactoryImplI26Construction_advanced_TestE10CreateTestEv
FN:470,_ZN7testing8internal15TestFactoryImplI24Construction_simple_TestE10CreateTestEv
FN:470,_ZN7testing8internal15TestFactoryImplI38Construction_simple_non_terminals_TestE10CreateTestEv
FN:470,_ZN7testing8internal15TestFactoryImplI30Construction_simple_mixed_TestE10CreateTestEv
FN:470,_ZN7testing8internal15TestFactoryImplI36Construction_advanced_multiline_TestE10CreateTestEv
FN:491,_ZN7testing8internal12CodeLocationC2ERKNSt7__cxx1112basic_stringIcSt11char_traitsIcESaIcEEEi
FN:504,_ZN7testing8internal19GetNotDefaultOrNullEPFvvES2_
FN:519,_ZN7testing8internal16SuiteApiResolverINS_4TestEE19GetSetUpCaseOrSuiteEPKci
FN:519,_ZN7testing8internal16SuiteApiResolverINS0_12_GLOBAL__N_111FailureTestEE19GetSetUpCaseOrSuiteEPKci
FN:540,_ZN7testing8internal16SuiteApiResolverINS_4TestEE22GetTearDownCaseOrSuiteEPKci
FN:540,_ZN7testing8internal16SuiteApiResolverINS0_12_GLOBAL__N_111FailureTestEE22GetTearDownCaseOrSuiteEPKci
FN:650,_ZN7testing8internal9SkipCommaEPKc
FN:662,_ZN7testing8internal19GetPrefixUntilCommaB5cxx11EPKc
FN:842,_ZN7testing8internal11AlwaysFalseEv
FN:872,_ZN7testing8internal6RandomC2Ej
FN:874,_ZN7testing8internal6Random6ReseedEj
FNDA:0,_ZNK7testing8internal13FloatingPointIdE6is_nanEv
FNDA:1,_ZN7testing8internal15TestFactoryImplI34Construction_simple_terminals_TestE10CreateTestEv
FNDA:7,_ZN7testing8internal15TestFactoryBaseC2Ev
FNDA:1,_ZN7testing8internal15TestFactoryImplI34Construction_advanced_oneline_TestE10CreateTestEv
FNDA:0,_ZNK7testing8internal13FloatingPointIfE6is_nanEv
FNDA:0,_ZN7testing8internal13FloatingPointIfE24SignAndMagnitudeToBiasedERKj
FNDA:0,_ZN7testing8internal15TestFactoryBaseD0Ev
FNDA:0,_ZNK7testing8internal13FloatingPointIdE13exponent_bitsEv
FNDA:0,_ZNK7testing8internal13FloatingPointIdE13fraction_bitsEv
FNDA:0,_ZN7testing8internal19GetPrefixUntilCommaB5cxx11EPKc
FNDA:1,_ZN7testing8internal15TestFactoryImplI24Construction_simple_TestE10CreateTestEv
FNDA:1,_ZN7testing8internal15TestFactoryImplI26Construction_advanced_TestE10CreateTestEv
FNDA:0,_ZNK7testing8internal13FloatingPointIfE13fraction_bitsEv
FNDA:0,_ZN7testing8internal13FloatingPointIfEC2ERKf
FNDA:0,_ZN7testing8internal11AlwaysFalseEv
FNDA:0,_ZN7testing8internal13FloatingPointIfE38DistanceBetweenSignAndMagnitudeNumbersERKjS4_
FNDA:0,_ZN7testing8internal9SkipCommaEPKc
FNDA:28,_ZN7testing8internal19GetNotDefaultOrNullEPFvvES2_
FNDA:0,_ZN7testing8internal16SuiteApiResolverINS0_12_GLOBAL__N_111FailureTestEE22GetTearDownCaseOrSuiteEPKci
FNDA:7,_ZN7testing8internal16SuiteApiResolverINS_4TestEE19GetSetUpCaseOrSuiteEPKci
FNDA:0,_ZN7testing8internal13FloatingPointIdE38DistanceBetweenSignAndMagnitudeNumbersERKmS4_
FNDA:0,_ZN7testing8internal13FloatingPointIdEC2ERKd
FNDA:0,_ZNK7testing8internal13FloatingPointIfE13exponent_bitsEv
FNDA:0,_ZN7testing8internal16SuiteApiResolverINS0_12_GLOBAL__N_111FailureTestEE19GetSetUpCaseOrSuiteEPKci
FNDA:1,_ZN7testing8internal15TestFactoryImplI36Construction_advanced_multiline_TestE10CreateTestEv
FNDA:1,_ZN7testing8internal15TestFactoryImplI30Construction_simple_mixed_TestE10CreateTestEv
FNDA:0,_ZN7testing8internal9GetTypeIdINS0_12_GLOBAL__N_111FailureTestEEEPKvv
FNDA:0,_ZN7testing8internal13FloatingPointIdE24SignAndMagnitudeToBiasedERKm
FNDA:0,_ZNK7testing8internal13FloatingPointIdE12AlmostEqualsERKS2_
FNDA:0,_ZN7testing8internal6Random6ReseedEj
FNDA:7,_ZN7testing8internal12CodeLocationC2ERKNSt7__cxx1112basic_stringIcSt11char_traitsIcESaIcEEEi
FNDA:7,_ZN7testing8internal15TestFactoryBaseD2Ev
FNDA:0,_ZNK7testing8internal13FloatingPointIfE12AlmostEqualsERKS2_
FNDA:7,_ZN7testing8internal16SuiteApiResolverINS_4TestEE22GetTearDownCaseOrSuiteEPKci
FNDA:9,_ZN7testing8internal9GetTypeIdINS_4TestEEEPKvv
FNDA:2,_ZN7testing8internal6RandomC2Ej
FNDA:1,_ZN7testing8internal15TestFactoryImplI38Construction_simple_non_terminals_TestE10CreateTestEv
FNF:37
FNH:15
DA:293,0
DA:318,0
DA:321,0
DA:327,0
DA:330,0
DA:339,0
DA:342,0
DA:344,0
DA:345,0
DA:370,0
DA:371,0
DA:373,0
DA:376,0
DA:382,0
DA:384,0
DA:385,0
DA:386,0
DA:432,9
DA:437,9
DA:451,7
DA:458,7
DA:470,7
DA:491,7
DA:492,7
DA:504,28
DA:506,28
DA:519,7
DA:523,7
DA:525,7
DA:527,7
DA:530,0
DA:532,7
DA:540,7
DA:544,7
DA:546,7
DA:548,7
DA:551,0
DA:553,7
DA:650,0
DA:651,0
DA:652,0
DA:653,0
DA:655,0
DA:657,0
DA:662,0
DA:663,0
DA:664,0
DA:842,0
DA:872,2
DA:874,0
LF:50
LH:20
end_of_record
TN:
SF:/home/viktor/repos/automata/third_party/googletest/googletest/include/gtest/internal/gtest-param-util.h
FN:691,_ZN7testing8internal30ParameterizedTestSuiteRegistryC2Ev
FN:692,_ZN7testing8internal30ParameterizedTestSuiteRegistryD2Ev
FN:729,_ZN7testing8internal30ParameterizedTestSuiteRegistry13RegisterTestsEv
FN:773,_ZN7testing8internal34TypeParameterizedTestSuiteRegistry30TypeParameterizedTestSuiteInfoC2ENS0_12CodeLocationE
FNDA:2,_ZN7testing8internal30ParameterizedTestSuiteRegistryC2Ev
FNDA:0,_ZN7testing8internal34TypeParameterizedTestSuiteRegistry30TypeParameterizedTestSuiteInfoC2ENS0_12CodeLocationE
FNDA:2,_ZN7testing8internal30ParameterizedTestSuiteRegistryD2Ev
FNDA:2,_ZN7testing8internal30ParameterizedTestSuiteRegistry13RegisterTestsEv
FNF:4
FNH:3
DA:691,2
DA:692,2
DA:693,2
DA:694,0
DA:696,2
DA:729,2
DA:730,2
DA:731,0
DA:733,2
DA:773,0
DA:774,0
LF:11
LH:7
end_of_record
TN:
SF:/home/viktor/repos/automata/third_party/googletest/googletest/include/gtest/internal/gtest-port.h
FN:970,_ZN7testing8internal8GTestLog9GetStreamEv
FN:986,_ZN7testing8internal11LogToStderrEv
[...]
DA:1734,0
DA:1737,0
DA:1738,0
DA:1740,0
DA:1741,0
DA:1742,0
DA:1756,0
DA:1757,0
DA:1759,0
DA:1762,0
DA:1763,0
DA:1765,0
DA:1770,0
DA:1771,0
DA:1779,0
DA:1784,0
DA:1785,0
DA:1787,0
DA:1788,0
DA:1790,0
DA:1791,0
DA:1792,0
DA:1793,0
DA:1794,0
DA:1803,0
DA:1805,0
DA:1808,0
DA:1810,0
DA:1813,0
DA:1816,0
DA:1819,0
DA:1822,0
DA:1825,0
DA:1828,0
DA:1831,0
DA:1835,0
DA:1839,0
DA:1842,0
DA:1845,0
DA:1849,0
DA:1945,0
DA:1946,0
DA:1947,0
DA:1948,0
DA:1957,0
DA:1958,0
DA:1959,0
DA:1963,0
DA:1964,0
DA:1965,0
DA:1966,0
DA:1967,0
DA:1968,0
DA:1969,0
DA:1970,0
DA:1971,0
DA:1972,0
DA:1973,0
DA:1974,0
DA:1976,0
DA:1977,0
DA:1978,0
DA:1979,0
DA:1980,0
DA:1982,0
DA:1992,0
DA:1994,0
DA:1998,0
DA:2000,0
DA:2001,0
DA:2002,0
DA:2008,0
DA:2024,0
DA:2025,0
DA:2027,0
DA:2028,0
DA:2031,0
DA:2032,0
DA:2033,0
DA:2035,0
DA:2036,0
DA:2038,0
DA:2041,0
DA:2043,0
DA:2048,0
DA:2049,0
DA:2051,0
DA:2060,0
DA:2061,0
DA:2063,0
DA:2065,0
DA:2069,0
DA:2072,0
DA:2073,0
DA:2076,0
DA:2077,0
DA:2081,0
DA:2084,0
DA:2085,0
DA:2088,0
DA:2089,0
DA:2090,0
DA:2099,4
DA:2100,4
DA:2101,4
DA:2102,4
DA:2117,0
DA:2119,0
DA:2121,0
DA:2126,0
DA:2141,2
DA:2143,2
DA:2144,2
DA:2145,4
DA:2146,2
DA:2147,2
DA:2151,0
DA:2152,0
DA:2156,0
DA:2157,0
DA:2158,0
DA:2159,0
DA:2163,0
DA:2164,0
DA:2165,0
DA:2166,0
DA:2170,0
DA:2171,0
DA:2175,0
DA:2176,0
DA:2177,0
DA:2178,0
DA:2179,0
DA:2184,111
DA:2185,222
DA:2186,111
DA:2187,111
DA:2189,111
DA:2190,111
DA:2191,1815
DA:2192,1704
DA:2193,0
DA:2195,1704
DA:2199,222
DA:2203,0
DA:2206,0
DA:2207,0
DA:2208,0
DA:2210,0
DA:2211,0
DA:2213,0
DA:2221,11
DA:2222,11
DA:2225,11
DA:2230,0
DA:2231,0
DA:2232,0
DA:2238,0
DA:2239,0
DA:2240,0
DA:2244,0
DA:2247,0
DA:2248,0
DA:2249,0
DA:2254,0
DA:2256,0
DA:2257,0
DA:2259,0
DA:2262,0
DA:2263,0
DA:2264,0
DA:2265,0
DA:2267,0
DA:2294,0
DA:2295,0
DA:2298,0
DA:2300,0
DA:2301,0
DA:2302,0
DA:2303,0
DA:2304,0
DA:2305,0
DA:2307,0
DA:2310,0
DA:2314,0
DA:2316,0
DA:2317,0
DA:2318,0
DA:2319,0
DA:2320,0
DA:2321,0
DA:2323,0
DA:2326,0
DA:2329,0
DA:2330,0
DA:2331,0
DA:2332,0
DA:2333,0
DA:2335,0
DA:2336,0
DA:2338,0
DA:2340,0
DA:2343,0
DA:2346,0
DA:2347,0
DA:2348,0
DA:2349,0
DA:2350,0
DA:2351,0
DA:2353,0
DA:2358,0
DA:2360,0
DA:2361,0
DA:2365,9
DA:2366,9
DA:2367,9
DA:2368,9
DA:2369,9
DA:2370,9
DA:2373,0
DA:2374,0
DA:2378,37
DA:2379,37
DA:2383,82
DA:2384,82
DA:2385,0
DA:2387,82
DA:2391,0
DA:2392,0
DA:2396,16
DA:2397,16
DA:2401,0
DA:2402,0
DA:2406,0
DA:2407,0
DA:2412,82
DA:2413,82
DA:2417,0
DA:2418,0
DA:2426,7
DA:2431,7
DA:2436,7
DA:2441,7
DA:2444,0
DA:2445,0
DA:2446,0
DA:2449,0
DA:2450,0
DA:2451,0
DA:2452,0
DA:2453,0
DA:2457,0
DA:2461,0
DA:2467,0
DA:2476,7
DA:2477,7
DA:2478,7
DA:2481,7
DA:2482,7
DA:2483,7
DA:2486,7
DA:2487,7
DA:2488,7
DA:2490,7
DA:2492,0
DA:2494,0
DA:2496,0
DA:2503,0
DA:2505,0
DA:2508,0
DA:2509,0
DA:2510,0
DA:2511,0
DA:2512,0
DA:2513,0
DA:2514,0
DA:2515,0
DA:2516,0
DA:2520,0
DA:2521,0
DA:2522,0
DA:2523,0
DA:2524,0
DA:2525,0
DA:2526,0
DA:2527,0
DA:2528,0
DA:2529,0
DA:2531,0
DA:2534,7
DA:2559,0
DA:2561,0
DA:2562,0
DA:2563,0
DA:2565,0
DA:2567,0
DA:2569,0
DA:2575,0
DA:2576,0
DA:2577,0
DA:2590,41
DA:2609,41
DA:2617,41
DA:2642,41
DA:2645,41
DA:2646,0
DA:2648,0
DA:2652,0
DA:2653,0
DA:2654,0
DA:2656,0
DA:2657,0
DA:2658,0
DA:2662,0
DA:2667,0
DA:2674,7
DA:2675,7
DA:2677,7
DA:2678,7
DA:2679,7
DA:2682,7
DA:2683,7
DA:2684,7
DA:2691,7
DA:2692,7
DA:2697,16
DA:2698,16
DA:2702,0
DA:2705,0
DA:2709,16
DA:2710,16
DA:2717,7
DA:2722,7
DA:2726,0
DA:2727,0
DA:2735,7
DA:2738,7
DA:2760,7
DA:2767,7
DA:2768,7
DA:2769,7
DA:2772,0
DA:2774,0
DA:2776,0
DA:2777,0
DA:2778,0
DA:2779,0
DA:2780,0
DA:2781,0
DA:2782,0
DA:2783,0
DA:2785,0
DA:2787,0
DA:2788,0
DA:2824,2
DA:2825,2
DA:2826,2
DA:2827,2
DA:2828,2
DA:2830,2
DA:2836,7
DA:2837,7
DA:2838,7
DA:2839,0
DA:2840,0
DA:2844,7
DA:2845,7
DA:2848,7
DA:2849,7
DA:2850,7
DA:2851,7
DA:2854,14
DA:2855,7
DA:2861,7
DA:2864,7
DA:2867,7
DA:2869,7
DA:2870,7
DA:2874,7
DA:2877,7
DA:2881,7
DA:2885,0
DA:2886,0
DA:2888,0
DA:2889,0
DA:2891,0
DA:2894,0
DA:2897,0
DA:2898,0
DA:2899,0
DA:2902,0
DA:2903,0
DA:2909,2
DA:2910,2
DA:2914,2
DA:2915,2
DA:2919,4
DA:2920,4
DA:2924,2
DA:2925,2
DA:2929,0
DA:2930,0
DA:2934,0
DA:2935,0
DA:2939,8
DA:2940,8
DA:2944,9
DA:2945,9
DA:2957,2
DA:2959,2
DA:2961,0
DA:2966,2
DA:2969,4
DA:2971,2
DA:2972,4
DA:2976,0
DA:2977,0
DA:2978,0
DA:2983,7
DA:2984,7
DA:2985,7
DA:2990,7
DA:2991,7
DA:2992,7
DA:2993,7
DA:2996,2
DA:2997,2
DA:2999,2
DA:3000,2
DA:3002,2
DA:3005,2
DA:3008,2
DA:3011,2
DA:3012,2
DA:3015,2
DA:3017,2
DA:3018,2
DA:3019,9
DA:3020,7
DA:3021,0
DA:3023,7
DA:3025,7
DA:3026,0
DA:3027,0
DA:3028,0
DA:3030,0
DA:3033,2
DA:3035,2
DA:3036,2
DA:3040,2
DA:3043,2
DA:3046,2
DA:3050,0
DA:3051,0
DA:3053,0
DA:3054,0
DA:3056,0
DA:3059,0
DA:3062,0
DA:3065,0
DA:3066,0
DA:3070,0
DA:3073,0
DA:3076,0
DA:3080,2
DA:3081,2
DA:3082,2
DA:3083,2
DA:3086,0
DA:3087,0
DA:3088,0
DA:3091,2
DA:3092,9
DA:3093,7
DA:3095,2
DA:3102,14
DA:3104,28
DA:3105,42
DA:3109,6
DA:3110,6
DA:3114,4
DA:3115,4
DA:3122,0
DA:3123,0
DA:3124,0
DA:3125,0
DA:3126,0
DA:3127,0
DA:3129,0
DA:3134,0
DA:3136,0
DA:3137,0
DA:3147,0
DA:3149,0
DA:3151,0
DA:3152,0
DA:3153,0
DA:3154,0
DA:3155,0
DA:3159,0
DA:3160,0
DA:3161,0
DA:3162,0
DA:3174,0
DA:3229,28
DA:3230,28
DA:3231,0
DA:3232,0
DA:3233,28
DA:3234,28
DA:3235,0
DA:3236,0
DA:3237,0
DA:3238,0
DA:3245,2
DA:3246,4
DA:3247,2
DA:3249,2
DA:3256,2
DA:3257,6
DA:3258,4
DA:3259,4
DA:3260,4
DA:3261,4
DA:3262,4
DA:3263,4
DA:3264,4
DA:3265,4
DA:3266,2
DA:3270,0
DA:3271,0
DA:3272,0
DA:3273,0
DA:3285,28
DA:3287,28
DA:3290,28
DA:3291,28
DA:3293,28
DA:3294,0
DA:3295,0
DA:3296,0
DA:3321,28
DA:3322,28
DA:3323,28
DA:3325,28
DA:3333,0
DA:3334,0
DA:3335,0
DA:3337,0
DA:3338,0
DA:3339,0
DA:3340,0
DA:3341,0
DA:3343,0
DA:3344,0
DA:3347,0
DA:3354,2
DA:3355,14
DA:3356,14
DA:3357,14
DA:3360,2
DA:3363,2
DA:3382,2
DA:3384,2
DA:3393,2
DA:3395,2
DA:3396,0
DA:3398,4
DA:3399,2
DA:3403,2
DA:3404,0
DA:3408,2
DA:3409,0
DA:3410,0
DA:3415,2
DA:3416,0
DA:3421,2
DA:3422,4
DA:3423,4
DA:3424,4
DA:3425,2
DA:3426,2
DA:3428,2
DA:3430,2
DA:3431,2
DA:3432,2
DA:3433,2
DA:3436,2
DA:3438,4
DA:3439,2
DA:3440,2
DA:3441,2
DA:3442,2
DA:3444,0
DA:3446,2
DA:3447,2
DA:3464,7
DA:3465,7
DA:3466,7
DA:3467,7
DA:3468,7
DA:3469,7
DA:3471,0
DA:3472,0
DA:3473,0
DA:3474,0
DA:3475,0
DA:3476,0
DA:3479,0
DA:3481,0
DA:3483,0
DA:3484,0
DA:3485,0
DA:3488,0
DA:3489,0
DA:3493,7
DA:3494,7
DA:3495,7
DA:3496,0
DA:3497,0
DA:3499,0
DA:3501,7
DA:3502,7
DA:3504,7
DA:3505,7
DA:3506,14
DA:3509,0
DA:3511,7
DA:3512,7
DA:3515,2
DA:3516,2
DA:3519,4
DA:3520,2
DA:3521,2
DA:3522,4
DA:3523,2
DA:3538,2
DA:3540,2
DA:3541,2
DA:3542,2
DA:3543,2
DA:3546,0
DA:3547,0
DA:3548,0
DA:3549,0
DA:3551,0
DA:3552,0
DA:3553,0
DA:3554,0
DA:3556,0
DA:3557,0
DA:3558,0
DA:3559,0
DA:3561,0
DA:3562,0
DA:3563,0
DA:3564,0
DA:3567,0
DA:3569,0
DA:3573,0
DA:3575,0
DA:3576,0
DA:3577,0
DA:3578,0
DA:3579,0
DA:3581,0
DA:3582,0
DA:3583,0
DA:3584,0
DA:3587,0
DA:3588,0
DA:3591,0
DA:3594,0
DA:3595,0
DA:3596,0
DA:3597,0
DA:3600,0
DA:3601,0
DA:3602,0
DA:3603,0
DA:3605,0
DA:3606,0
DA:3607,0
DA:3608,0
DA:3610,0
DA:3611,0
DA:3612,0
DA:3617,2
DA:3619,2
DA:3620,4
DA:3621,4
DA:3622,4
DA:3623,2
DA:3624,2
DA:3625,4
DA:3627,2
DA:3628,2
DA:3629,2
DA:3631,2
DA:3632,2
DA:3633,0
DA:3634,0
DA:3635,0
DA:3638,2
DA:3639,0
DA:3640,0
DA:3643,2
DA:3644,2
DA:3645,0
DA:3646,0
DA:3648,0
DA:3652,2
DA:3653,2
DA:3662,0
DA:3663,0
DA:3664,0
DA:3665,0
DA:3668,0
DA:3669,0
DA:3670,0
DA:3671,0
DA:3672,0
DA:3674,0
DA:3679,0
DA:3680,0
DA:3685,0
DA:3690,0
DA:3691,0
DA:3693,0
DA:3697,0
DA:3699,0
DA:3701,0
DA:3702,0
DA:3703,0
DA:3706,0
DA:3707,0
DA:3711,0
DA:3712,0
DA:3713,0
DA:3714,0
DA:3715,0
DA:3717,0
DA:3718,0
DA:3719,0
DA:3722,0
DA:3724,0
DA:3726,0
DA:3728,0
DA:3730,0
DA:3731,0
DA:3732,0
DA:3733,0
DA:3734,0
DA:3735,0
DA:3736,0
DA:3738,0
DA:3739,0
DA:3740,0
DA:3742,0
DA:3743,0
DA:3744,0
DA:3745,0
DA:3748,0
DA:3749,0
DA:3750,0
DA:3751,0
DA:3753,0
DA:3757,0
DA:3758,0
DA:3767,2
DA:3774,0
DA:3775,0
DA:3811,4
DA:3812,2
DA:3813,4
DA:3815,2
DA:3816,2
DA:3817,2
DA:3819,2
DA:3820,2
DA:3821,0
DA:3822,0
DA:3823,0
DA:3827,2
DA:3851,4
DA:3852,4
DA:3855,4
DA:3857,4
DA:3858,14
DA:3859,0
DA:3860,0
DA:3861,4
DA:3862,4
DA:3863,4
DA:3864,14
DA:3867,4
DA:3869,4
DA:3870,4
DA:3875,2
DA:3877,2
DA:3878,4
DA:3879,2
DA:3882,2
DA:3884,2
DA:3886,2
DA:3887,4
DA:3888,2
DA:3891,2
DA:3910,0
DA:3911,0
DA:3916,0
DA:3917,0
DA:3930,0
DA:3931,0
DA:3991,0
DA:3992,0
DA:3993,0
DA:3994,0
DA:3996,0
DA:3999,0
DA:4001,0
DA:4002,0
DA:4003,0
DA:4004,0
DA:4005,0
DA:4006,0
DA:4008,0
DA:4010,0
DA:4011,0
DA:4012,0
DA:4013,0
DA:4014,0
DA:4015,0
DA:4027,0
DA:4029,0
DA:4031,0
DA:4032,0
DA:4033,0
DA:4034,0
DA:4035,0
DA:4036,0
DA:4037,0
DA:4038,0
DA:4039,0
DA:4040,0
DA:4041,0
DA:4042,0
DA:4043,0
DA:4044,0
DA:4045,0
DA:4047,0
DA:4048,0
DA:4049,0
DA:4050,0
DA:4051,0
DA:4053,0
DA:4054,0
DA:4055,0
DA:4056,0
DA:4057,0
DA:4058,0
DA:4059,0
DA:4060,0
DA:4062,0
DA:4064,0
DA:4068,0
DA:4074,0
DA:4076,0
DA:4077,0
DA:4078,0
DA:4079,0
DA:4080,0
DA:4082,0
DA:4102,0
DA:4103,0
DA:4104,0
DA:4105,0
DA:4108,0
DA:4123,0
DA:4129,0
DA:4131,0
DA:4132,0
DA:4134,0
DA:4135,0
DA:4136,0
DA:4137,0
DA:4138,0
DA:4139,0
DA:4140,0
DA:4144,0
DA:4146,0
DA:4147,0
DA:4149,0
DA:4150,0
DA:4152,0
DA:4153,0
DA:4154,0
DA:4156,0
DA:4157,0
DA:4159,0
DA:4160,0
DA:4161,0
DA:4163,0
DA:4167,0
DA:4169,0
DA:4172,0
DA:4174,0
DA:4175,0
DA:4178,0
DA:4181,0
DA:4182,0
DA:4183,0
DA:4184,0
DA:4185,0
DA:4186,0
DA:4187,0
DA:4188,0
DA:4189,0
DA:4190,0
DA:4192,0
DA:4193,0
DA:4196,0
DA:4197,0
DA:4198,0
DA:4199,0
DA:4200,0
DA:4201,0
DA:4202,0
DA:4203,0
DA:4205,0
DA:4208,0
DA:4211,0
DA:4212,0
DA:4215,0
DA:4218,0
DA:4219,0
DA:4221,0
DA:4222,0
DA:4225,0
DA:4226,0
DA:4228,0
DA:4229,0
DA:4232,0
DA:4233,0
DA:4237,0
DA:4238,0
DA:4239,0
DA:4240,0
DA:4241,0
DA:4242,0
DA:4245,0
DA:4246,0
DA:4247,0
DA:4248,0
DA:4249,0
DA:4251,0
DA:4252,0
DA:4253,0
DA:4255,0
DA:4256,0
DA:4258,0
DA:4261,0
DA:4263,0
DA:4264,0
DA:4265,0
DA:4266,0
DA:4267,0
DA:4268,0
DA:4269,0
DA:4273,0
DA:4274,0
DA:4275,0
DA:4276,0
DA:4277,0
DA:4278,0
DA:4279,0
DA:4280,0
DA:4281,0
DA:4282,0
DA:4286,0
DA:4287,0
DA:4289,0
DA:4290,0
DA:4291,0
DA:4292,0
DA:4296,0
DA:4297,0
DA:4299,0
DA:4300,0
DA:4302,0
DA:4303,0
DA:4305,0
DA:4308,0
DA:4310,0
DA:4311,0
DA:4312,0
DA:4313,0
DA:4314,0
DA:4315,0
DA:4316,0
DA:4317,0
DA:4318,0
DA:4320,0
DA:4321,0
DA:4322,0
DA:4324,0
DA:4326,0
DA:4327,0
DA:4328,0
DA:4330,0
DA:4331,0
DA:4333,0
DA:4334,0
DA:4335,0
DA:4336,0
DA:4338,0
DA:4339,0
DA:4342,0
DA:4344,0
DA:4346,0
DA:4347,0
DA:4349,0
DA:4350,0
DA:4351,0
DA:4352,0
DA:4353,0
DA:4355,0
DA:4356,0
DA:4357,0
DA:4358,0
DA:4359,0
DA:4361,0
DA:4363,0
DA:4364,0
DA:4365,0
DA:4367,0
DA:4369,0
DA:4370,0
DA:4372,0
DA:4373,0
DA:4374,0
DA:4379,0
DA:4380,0
DA:4383,0
DA:4384,0
DA:4386,0
DA:4388,0
DA:4390,0
DA:4391,0
DA:4393,0
DA:4394,0
DA:4395,0
DA:4397,0
DA:4398,0
DA:4399,0
DA:4400,0
DA:4402,0
DA:4403,0
DA:4405,0
DA:4406,0
DA:4410,0
DA:4412,0
DA:4413,0
DA:4414,0
DA:4415,0
DA:4416,0
DA:4418,0
DA:4421,0
DA:4423,0
DA:4424,0
DA:4426,0
DA:4427,0
DA:4430,0
DA:4431,0
DA:4432,0
DA:4433,0
DA:4434,0
DA:4435,0
DA:4436,0
DA:4438,0
DA:4506,0
DA:4507,0
DA:4508,0
DA:4509,0
DA:4511,0
DA:4513,0
DA:4515,0
DA:4516,0
DA:4517,0
DA:4518,0
DA:4519,0
DA:4520,0
DA:4523,0
DA:4524,0
DA:4526,0
DA:4527,0
DA:4528,0
DA:4529,0
DA:4532,0
DA:4533,0
DA:4534,0
DA:4535,0
DA:4536,0
DA:4537,0
DA:4538,0
DA:4539,0
DA:4540,0
DA:4541,0
DA:4542,0
DA:4543,0
DA:4544,0
DA:4545,0
DA:4546,0
DA:4547,0
DA:4548,0
DA:4549,0
DA:4550,0
DA:4551,0
DA:4553,0
DA:4555,0
DA:4559,0
DA:4566,0
DA:4567,0
DA:4568,0
DA:4569,0
DA:4574,0
DA:4576,0
DA:4577,0
DA:4579,0
DA:4580,0
DA:4581,0
DA:4582,0
DA:4583,0
DA:4584,0
DA:4587,0
DA:4588,0
DA:4591,0
DA:4598,0
DA:4600,0
DA:4603,0
DA:4605,0
DA:4606,0
DA:4607,0
DA:4609,0
DA:4613,0
DA:4615,0
DA:4618,0
DA:4620,0
DA:4621,0
DA:4622,0
DA:4625,0
DA:4628,0
DA:4629,0
DA:4630,0
DA:4631,0
DA:4632,0
DA:4633,0
DA:4634,0
DA:4635,0
DA:4636,0
DA:4637,0
DA:4638,0
DA:4639,0
DA:4640,0
DA:4641,0
DA:4643,0
DA:4646,0
DA:4647,0
DA:4648,0
DA:4649,0
DA:4650,0
DA:4651,0
DA:4652,0
DA:4653,0
DA:4654,0
DA:4655,0
DA:4656,0
DA:4657,0
DA:4660,0
DA:4663,0
DA:4664,0
DA:4667,0
DA:4670,0
DA:4671,0
DA:4672,0
DA:4674,0
DA:4675,0
DA:4677,0
DA:4678,0
DA:4681,0
DA:4682,0
DA:4686,0
DA:4687,0
DA:4688,0
DA:4689,0
DA:4690,0
DA:4692,0
DA:4695,0
DA:4696,0
DA:4697,0
DA:4698,0
DA:4699,0
DA:4702,0
DA:4703,0
DA:4705,0
DA:4706,0
DA:4707,0
DA:4709,0
DA:4711,0
DA:4714,0
DA:4716,0
DA:4718,0
DA:4719,0
DA:4720,0
DA:4721,0
DA:4722,0
DA:4723,0
DA:4726,0
DA:4730,0
DA:4731,0
DA:4735,0
DA:4739,0
DA:4740,0
DA:4741,0
DA:4744,0
DA:4746,0
DA:4747,0
DA:4749,0
DA:4750,0
DA:4751,0
DA:4753,0
DA:4754,0
DA:4756,0
DA:4758,0
DA:4759,0
DA:4761,0
DA:4763,0
DA:4764,0
DA:4766,0
DA:4767,0
DA:4770,0
DA:4772,0
DA:4773,0
DA:4774,0
DA:4775,0
DA:4776,0
DA:4778,0
DA:4780,0
DA:4783,0
DA:4784,0
DA:4787,0
DA:4789,0
DA:4790,0
DA:4791,0
DA:4793,0
DA:4795,0
DA:4797,0
DA:4799,0
DA:4800,0
DA:4801,0
DA:4804,0
DA:4805,0
DA:4807,0
DA:4808,0
DA:4811,0
DA:4812,0
DA:4814,0
DA:4815,0
DA:4817,0
DA:4818,0
DA:4819,0
DA:4820,0
DA:4821,0
DA:4823,0
DA:4825,0
DA:4831,0
DA:4832,0
DA:4837,0
DA:4838,0
DA:4840,0
DA:4842,0
DA:4843,0
DA:4844,0
DA:4845,0
DA:4846,0
DA:4847,0
DA:4849,0
DA:4851,0
DA:4852,0
DA:4854,0
DA:4855,0
DA:4856,0
DA:4858,0
DA:4863,0
DA:4864,0
DA:4867,0
DA:4869,0
DA:4870,0
DA:4871,0
DA:4872,0
DA:4873,0
DA:4874,0
DA:4876,0
DA:4888,0
DA:4889,0
DA:4890,0
DA:4891,0
DA:4892,0
DA:4893,0
DA:4897,0
DA:4898,0
DA:4899,0
DA:4900,0
DA:4901,0
DA:4904,0
DA:4907,0
DA:4908,0
DA:4909,0
DA:4912,0
DA:4913,0
DA:4914,0
DA:4915,0
DA:4920,0
DA:4921,0
DA:4922,0
DA:4923,0
DA:4927,0
DA:4928,0
DA:4929,0
DA:4931,0
DA:4933,0
DA:4934,0
DA:4935,0
DA:4940,0
DA:4942,0
DA:4943,0
DA:4944,0
DA:4946,0
DA:4956,0
DA:5002,0
DA:5006,39
DA:5016,39
DA:5022,2
DA:5023,2
DA:5024,2
DA:5026,2
DA:5030,0
DA:5031,0
DA:5032,0
DA:5034,2
DA:5036,2
DA:5038,2
DA:5039,0
DA:5040,0
DA:5041,0
DA:5042,0
DA:5043,0
DA:5047,2
DA:5060,2
DA:5061,2
DA:5063,2
DA:5065,2
DA:5071,2
DA:5072,2
DA:5073,2
DA:5078,2
DA:5079,2
DA:5080,2
DA:5081,0
DA:5082,0
DA:5083,2
DA:5088,11
DA:5095,2
DA:5096,2
DA:5099,2
DA:5100,2
DA:5101,2
DA:5103,2
DA:5110,0
DA:5111,0
DA:5114,0
DA:5115,0
DA:5116,0
DA:5118,0
DA:5122,0
DA:5123,0
DA:5126,0
DA:5127,0
DA:5128,0
DA:5139,118
DA:5148,118
DA:5149,118
DA:5154,0
DA:5155,0
DA:5159,0
DA:5160,0
DA:5164,0
DA:5165,0
DA:5170,4
DA:5171,4
DA:5176,0
DA:5177,0
DA:5179,0
DA:5180,0
DA:5182,0
DA:5183,0
DA:5185,0
DA:5186,0
DA:5191,2
DA:5192,2
DA:5196,2
DA:5197,2
DA:5201,0
DA:5204,2
DA:5205,2
DA:5209,0
DA:5210,0
DA:5214,0
DA:5215,0
DA:5219,0
DA:5222,4
DA:5226,0
DA:5227,0
DA:5231,2
DA:5232,2
DA:5237,2
DA:5241,0
DA:5245,0
DA:5246,0
DA:5251,0
DA:5252,0
DA:5258,0
DA:5259,0
DA:5264,0
DA:5265,0
DA:5270,9
DA:5282,0
DA:5283,0
DA:5284,0
DA:5287,0
DA:5288,0
DA:5295,0
DA:5300,0
DA:5301,0
DA:5303,0
DA:5304,0
DA:5305,0
DA:5307,0
DA:5308,0
DA:5309,0
DA:5310,0
DA:5311,0
DA:5315,0
DA:5316,0
DA:5320,0
DA:5321,0
DA:5322,0
DA:5324,0
DA:5331,0
DA:5341,0
DA:5352,0
DA:5354,0
DA:5362,0
DA:5369,0
DA:5371,0
DA:5372,0
DA:5379,2
DA:5381,2
DA:5407,2
DA:5411,2
DA:5456,2
DA:5459,2
DA:5460,4
DA:5465,0
DA:5466,0
DA:5471,0
DA:5473,0
DA:5474,0
DA:5479,0
DA:5481,0
DA:5482,0
DA:5488,0
DA:5490,0
DA:5491,0
DA:5495,0
DA:5500,0
DA:5501,0
DA:5505,2
DA:5508,2
DA:5512,0
DA:5514,0
DA:5515,0
DA:5516,0
DA:5519,0
DA:5520,0
DA:5521,0
DA:5522,0
DA:5526,2
DA:5548,2
DA:5551,4
DA:5552,2
DA:5553,2
DA:5555,4
DA:5557,2
DA:5560,2
DA:5562,2
DA:5563,4
DA:5570,0
DA:5571,0
DA:5574,0
DA:5575,0
DA:5576,0
DA:5577,0
DA:5578,0
DA:5579,0
DA:5581,0
DA:5582,0
DA:5584,0
DA:5585,0
DA:5590,2
DA:5591,2
DA:5592,0
DA:5593,2
DA:5598,2
DA:5599,4
DA:5600,2
DA:5601,0
DA:5602,0
DA:5603,2
DA:5604,0
DA:5605,0
DA:5606,2
DA:5607,0
DA:5608,0
DA:5610,2
DA:5615,2
DA:5616,2
DA:5617,2
DA:5618,0
DA:5619,0
DA:5620,0
DA:5621,0
DA:5623,0
DA:5624,0
DA:5627,2
DA:5635,4
DA:5637,4
DA:5638,2
DA:5646,2
DA:5647,2
DA:5653,2
DA:5657,2
DA:5659,2
DA:5660,0
DA:5665,2
DA:5675,4
DA:5688,7
DA:5691,5
DA:5692,10
DA:5693,10
DA:5712,7
DA:5718,7
DA:5719,14
DA:5721,7
DA:5725,2
DA:5727,4
DA:5729,2
DA:5734,0
DA:5735,0
DA:5736,0
DA:5739,2
DA:5742,2
DA:5743,2
DA:5748,0
DA:5749,0
DA:5760,2
DA:5763,2
DA:5766,2
DA:5770,2
DA:5775,2
DA:5779,2
DA:5782,2
DA:5783,2
DA:5791,2
DA:5797,2
DA:5798,2
DA:5801,2
DA:5803,0
DA:5804,0
DA:5807,2
DA:5810,2
DA:5812,2
DA:5814,2
DA:5815,2
DA:5819,2
DA:5822,2
DA:5830,2
DA:5831,2
DA:5834,4
DA:5837,2
DA:5839,2
DA:5842,2
DA:5843,0
DA:5847,0
DA:5851,2
DA:5854,2
DA:5857,2
DA:5858,2
DA:5859,2
DA:5860,2
DA:5865,2
DA:5869,0
DA:5870,0
DA:5872,0
DA:5873,0
DA:5874,0
DA:5875,0
DA:5878,0
DA:5879,2
DA:5880,4
DA:5882,2
DA:5883,2
DA:5884,0
DA:5885,0
DA:5886,0
DA:5888,0
DA:5891,0
DA:5895,0
DA:5897,0
DA:5904,2
DA:5905,2
DA:5906,2
DA:5908,2
DA:5912,2
DA:5915,2
DA:5918,2
DA:5919,0
DA:5928,2
DA:5930,2
DA:5932,0
DA:5936,2
DA:5938,2
DA:5939,0
DA:5952,2
DA:5959,2
DA:5960,2
DA:5961,2
DA:5962,0
DA:5963,0
DA:5964,0
DA:5968,0
DA:5969,0
DA:5971,0
DA:5973,2
DA:5981,4
DA:5983,4
DA:5984,0
DA:5987,4
DA:5988,4
DA:5990,4
DA:5991,4
DA:5992,0
DA:5993,0
DA:5994,0
DA:5995,0
DA:5996,0
DA:5997,0
DA:5998,0
DA:5999,0
DA:6000,0
DA:6001,0
DA:6002,0
DA:6003,0
DA:6004,0
DA:6005,0
DA:6006,0
DA:6007,0
DA:6008,0
DA:6010,0
DA:6011,0
DA:6012,0
DA:6013,0
DA:6014,0
DA:6015,0
DA:6016,0
DA:6019,0
DA:6025,8
DA:6026,8
DA:6027,8
DA:6028,8
DA:6032,0
DA:6034,0
DA:6036,0
DA:6043,0
DA:6044,0
DA:6054,2
DA:6056,2
DA:6057,2
DA:6059,2
DA:6060,2
DA:6063,4
DA:6064,4
DA:6069,2
DA:6070,2
DA:6071,4
DA:6072,4
DA:6073,2
DA:6075,9
DA:6076,7
DA:6077,14
DA:6081,14
DA:6082,7
DA:6083,7
DA:6086,7
DA:6087,7
DA:6089,7
DA:6090,7
DA:6094,7
DA:6095,0
DA:6096,7
DA:6097,7
DA:6099,7
DA:6100,7
DA:6102,7
DA:6103,7
DA:6106,4
DA:6113,0
DA:6114,0
DA:6115,0
DA:6116,0
DA:6117,0
DA:6118,0
DA:6120,0
DA:6121,0
DA:6122,0
DA:6124,0
DA:6125,0
DA:6129,0
DA:6132,0
DA:6134,0
DA:6136,0
DA:6137,0
DA:6139,0
DA:6140,0
DA:6141,0
DA:6142,0
DA:6143,0
DA:6144,0
DA:6145,0
DA:6146,0
DA:6149,0
DA:6151,0
DA:6153,0
DA:6154,0
DA:6155,0
DA:6158,0
DA:6160,0
DA:6164,0
DA:6165,0
DA:6166,0
DA:6167,0
DA:6168,0
DA:6169,0
DA:6170,0
DA:6171,0
DA:6172,0
DA:6173,0
DA:6174,0
DA:6175,0
DA:6176,0
DA:6177,0
DA:6179,0
DA:6180,0
DA:6182,0
DA:6189,0
DA:6191,0
DA:6192,0
DA:6193,0
DA:6195,0
DA:6200,39
DA:6201,39
DA:6205,2
DA:6209,39
DA:6213,32
DA:6214,32
DA:6215,28
DA:6217,4
DA:6218,0
DA:6220,4
DA:6225,0
DA:6227,0
DA:6230,0
DA:6231,0
DA:6234,0
DA:6235,0
DA:6237,0
DA:6240,2
DA:6241,4
DA:6243,2
DA:6245,2
DA:6247,2
DA:6260,0
DA:6263,0
DA:6272,28
DA:6274,12
DA:6278,12
DA:6280,12
DA:6286,0
DA:6287,0
DA:6288,0
DA:6289,0
DA:6290,0
DA:6292,0
DA:6300,0
DA:6303,0
DA:6307,0
DA:6308,0
DA:6309,0
DA:6312,0
DA:6315,0
DA:6316,0
DA:6322,0
DA:6325,0
DA:6338,0
DA:6340,0
DA:6343,0
DA:6346,0
DA:6347,0
DA:6354,0
DA:6356,0
DA:6359,0
DA:6362,0
DA:6363,0
DA:6371,0
DA:6373,0
DA:6376,0
DA:6379,0
DA:6380,0
DA:6389,0
DA:6390,0
DA:6391,0
DA:6392,0
DA:6393,0
DA:6394,0
DA:6406,0
DA:6407,0
DA:6414,0
DA:6415,0
DA:6416,0
DA:6417,0
DA:6420,0
DA:6422,0
DA:6423,0
DA:6424,0
DA:6425,0
DA:6426,0
DA:6427,0
DA:6428,0
DA:6429,0
DA:6430,0
DA:6431,0
DA:6432,0
DA:6433,0
DA:6435,0
DA:6437,0
DA:6536,0
DA:6546,0
DA:6547,0
DA:6548,0
DA:6549,0
DA:6550,0
DA:6551,0
DA:6552,0
DA:6553,0
DA:6554,0
DA:6555,0
DA:6556,0
DA:6557,0
DA:6558,0
DA:6559,0
DA:6560,0
DA:6561,0
DA:6562,0
DA:6563,0
DA:6564,0
DA:6565,0
DA:6566,0
DA:6567,0
DA:6571,0
DA:6572,0
DA:6573,0
DA:6574,0
DA:6575,0
DA:6577,0
DA:6578,0
DA:6579,0
DA:6580,0
DA:6581,0
DA:6582,0
DA:6583,0
DA:6585,0
DA:6592,2
DA:6593,4
DA:6594,2
DA:6595,0
DA:6596,0
DA:6600,0
DA:6601,0
DA:6602,0
DA:6604,0
DA:6605,0
DA:6606,0
DA:6607,0
DA:6609,0
DA:6612,0
DA:6615,0
DA:6620,0
DA:6621,0
DA:6625,0
DA:6629,0
DA:6633,2
DA:6637,0
DA:6639,2
DA:6643,2
DA:6663,2
DA:6676,2
DA:6677,0
DA:6678,0
DA:6679,0
DA:6686,2
DA:6688,2
DA:6690,2
DA:6692,2
DA:6693,4
DA:6694,2
DA:6707,2
DA:6708,2
DA:6722,2
DA:6726,2
DA:6728,2
DA:6732,0
DA:6736,0
DA:6738,0
DA:6742,0
DA:6744,0
DA:6745,0
DA:6746,0
DA:6747,0
DA:6752,0
DA:6754,0
DA:6761,0
DA:6764,0
DA:6765,0
DA:6766,0
DA:6767,0
DA:6768,0
DA:6770,0
DA:6773,0
DA:6777,0
DA:6785,0
DA:6793,0
DA:6794,0
DA:6795,0
DA:6796,0
DA:6797,0
DA:6799,0
DA:6800,0
DA:6803,0
DA:6804,0
DA:6805,0
LF:2558
LH:675
end_of_record
TN:
SF:/home/viktor/repos/automata/third_party/googletest/googletest/src/gtest_main.cc
FN:60,main
FNDA:2,main
FNF:1
FNH:1
DA:60,2
DA:61,2
DA:62,2
DA:63,2
LF:4
LH:4
end_of_record
